\BOOKMARK [0][-]{chapter.1}{\376\377\0001\000\040\000M\000a\000i\000n\000\040\000P\000a\000g\000e}{}% 1
\BOOKMARK [1][-]{section.1.1}{\376\377\0001\000.\0001\000\040\000G\000e\000t\000t\000i\000n\000g\000\040\000S\000t\000a\000r\000t\000e\000d}{chapter.1}% 2
\BOOKMARK [2][-]{subsection.1.1.1}{\376\377\0001\000.\0001\000.\0001\000\040\000I\000n\000s\000t\000a\000l\000l\000a\000t\000i\000o\000n\000\040\000g\000u\000i\000d\000e}{section.1.1}% 3
\BOOKMARK [2][-]{subsection.1.1.2}{\376\377\0001\000.\0001\000.\0002\000\040\000B\000a\000s\000i\000c\000s\000\040\000f\000e\000a\000t\000u\000r\000e\000s\000\040\000f\000o\000r\000\040\000b\000u\000i\000l\000d\000i\000n\000g\000\040\000p\000h\000a\000s\000e\000-\000f\000i\000e\000l\000d\000\040\000a\000p\000p\000l\000i\000c\000a\000t\000i\000o\000n\000s}{section.1.1}% 4
\BOOKMARK [2][-]{subsection.1.1.3}{\376\377\0001\000.\0001\000.\0003\000\040\000U\000s\000e\000r\000\040\000e\000x\000a\000m\000p\000l\000e\000s}{section.1.1}% 5
\BOOKMARK [2][-]{subsection.1.1.4}{\376\377\0001\000.\0001\000.\0004\000\040\000D\000o\000x\000y\000g\000e\000n\000\040\000d\000o\000c\000u\000m\000e\000n\000t\000a\000t\000i\000o\000n}{section.1.1}% 6
\BOOKMARK [2][-]{subsection.1.1.5}{\376\377\0001\000.\0001\000.\0005\000\040\000L\000i\000c\000e\000n\000c\000e}{section.1.1}% 7
\BOOKMARK [2][-]{subsection.1.1.6}{\376\377\0001\000.\0001\000.\0006\000\040\000C\000o\000n\000t\000a\000c\000t}{section.1.1}% 8
\BOOKMARK [2][-]{subsection.1.1.7}{\376\377\0001\000.\0001\000.\0007\000\040\000C\000o\000n\000t\000r\000i\000b\000u\000t\000o\000r\000s}{section.1.1}% 9
\BOOKMARK [0][-]{chapter.2}{\376\377\0002\000\040\000i\000n\000s\000t\000a\000l\000l\000a\000t\000i\000o\000n}{}% 10
\BOOKMARK [0][-]{chapter.3}{\376\377\0003\000\040\000C\000o\000d\000e\000\040\000o\000v\000e\000r\000v\000i\000e\000w}{}% 11
\BOOKMARK [0][-]{chapter.4}{\376\377\0004\000\040\000H\000o\000w\000\040\000t\000o\000\040\000b\000u\000i\000l\000d\000\040\000o\000f\000\040\000a\000\040\000p\000h\000a\000s\000e\000-\000f\000i\000e\000l\000d\000\040\000a\000p\000p\000l\000i\000c\000a\000t\000i\000o\000n\000?}{}% 12
\BOOKMARK [0][-]{chapter.5}{\376\377\0005\000\040\000D\000i\000f\000f\000u\000s\000i\000o\000n\000\040\000p\000r\000o\000b\000l\000e\000m\000s}{}% 13
\BOOKMARK [1][-]{section.5.1}{\376\377\0005\000.\0001\000\040\0001\000D\000\040\000P\000r\000o\000b\000l\000e\000m}{chapter.5}% 14
\BOOKMARK [0][-]{chapter.6}{\376\377\0006\000\040\000A\000l\000l\000e\000n\000-\000C\000a\000h\000n\000\040\000p\000r\000o\000b\000l\000e\000m\000s}{}% 15
\BOOKMARK [1][-]{section.6.1}{\376\377\0006\000.\0001\000\040\0001\000D\000\040\000P\000r\000o\000b\000l\000e\000m}{chapter.6}% 16
\BOOKMARK [0][-]{chapter.7}{\376\377\0007\000\040\000C\000a\000h\000n\000-\000H\000i\000l\000l\000i\000a\000r\000d\000\040\000p\000r\000o\000b\000l\000e\000m\000s}{}% 17
\BOOKMARK [1][-]{section.7.1}{\376\377\0007\000.\0001\000\040\0001\000D\000\040\000P\000r\000o\000b\000l\000e\000m}{chapter.7}% 18
\BOOKMARK [0][-]{chapter.8}{\376\377\0008\000\040\000S\000p\000a\000t\000i\000a\000l\000D\000i\000s\000c\000r\000e\000t\000i\000z\000a\000t\000i\000o\000n}{}% 19
\BOOKMARK [1][-]{section.8.1}{\376\377\0008\000.\0001\000\040\000D\000e\000s\000c\000r\000i\000p\000t\000i\000o\000n}{chapter.8}% 20
\BOOKMARK [0][-]{chapter.9}{\376\377\0009\000\040\000V\000a\000r\000i\000a\000b\000l\000e\000s}{}% 21
\BOOKMARK [0][-]{chapter.10}{\376\377\0001\0000\000\040\000N\000a\000m\000e\000s\000p\000a\000c\000e\000\040\000I\000n\000d\000e\000x}{}% 22
\BOOKMARK [1][-]{section.10.1}{\376\377\0001\0000\000.\0001\000\040\000N\000a\000m\000e\000s\000p\000a\000c\000e\000\040\000L\000i\000s\000t}{chapter.10}% 23
\BOOKMARK [0][-]{chapter.11}{\376\377\0001\0001\000\040\000H\000i\000e\000r\000a\000r\000c\000h\000i\000c\000a\000l\000\040\000I\000n\000d\000e\000x}{}% 24
\BOOKMARK [1][-]{section.11.1}{\376\377\0001\0001\000.\0001\000\040\000C\000l\000a\000s\000s\000\040\000H\000i\000e\000r\000a\000r\000c\000h\000y}{chapter.11}% 25
\BOOKMARK [0][-]{chapter.12}{\376\377\0001\0002\000\040\000D\000a\000t\000a\000\040\000S\000t\000r\000u\000c\000t\000u\000r\000e\000\040\000I\000n\000d\000e\000x}{}% 26
\BOOKMARK [1][-]{section.12.1}{\376\377\0001\0002\000.\0001\000\040\000D\000a\000t\000a\000\040\000S\000t\000r\000u\000c\000t\000u\000r\000e\000s}{chapter.12}% 27
\BOOKMARK [0][-]{chapter.13}{\376\377\0001\0003\000\040\000N\000a\000m\000e\000s\000p\000a\000c\000e\000\040\000D\000o\000c\000u\000m\000e\000n\000t\000a\000t\000i\000o\000n}{}% 28
\BOOKMARK [1][-]{section.13.1}{\376\377\0001\0003\000.\0001\000\040\000M\000a\000s\000s\000D\000e\000f\000a\000u\000l\000t\000C\000o\000n\000s\000t\000a\000n\000t\000\040\000N\000a\000m\000e\000s\000p\000a\000c\000e\000\040\000R\000e\000f\000e\000r\000e\000n\000c\000e}{chapter.13}% 29
\BOOKMARK [2][-]{subsection.13.1.1}{\376\377\0001\0003\000.\0001\000.\0001\000\040\000D\000e\000t\000a\000i\000l\000e\000d\000\040\000D\000e\000s\000c\000r\000i\000p\000t\000i\000o\000n}{section.13.1}% 30
\BOOKMARK [1][-]{section.13.2}{\376\377\0001\0003\000.\0002\000\040\000N\000e\000w\000t\000o\000n\000D\000e\000f\000a\000u\000l\000t\000C\000o\000n\000s\000t\000a\000n\000t\000\040\000N\000a\000m\000e\000s\000p\000a\000c\000e\000\040\000R\000e\000f\000e\000r\000e\000n\000c\000e}{chapter.13}% 31
\BOOKMARK [2][-]{subsection.13.2.1}{\376\377\0001\0003\000.\0002\000.\0001\000\040\000D\000e\000t\000a\000i\000l\000e\000d\000\040\000D\000e\000s\000c\000r\000i\000p\000t\000i\000o\000n}{section.13.2}% 32
\BOOKMARK [0][-]{chapter.14}{\376\377\0001\0004\000\040\000D\000a\000t\000a\000\040\000S\000t\000r\000u\000c\000t\000u\000r\000e\000\040\000D\000o\000c\000u\000m\000e\000n\000t\000a\000t\000i\000o\000n}{}% 33
\BOOKMARK [1][-]{section.14.1}{\376\377\0001\0004\000.\0001\000\040\000A\000l\000l\000e\000n\000C\000a\000h\000n\000S\000p\000e\000c\000i\000a\000l\000i\000z\000e\000d\000N\000L\000F\000o\000r\000m\000I\000n\000t\000e\000g\000r\000a\000t\000o\000r\000<\000\040\000S\000C\000H\000E\000M\000E\000\040\000>\000\040\000C\000l\000a\000s\000s\000\040\000T\000e\000m\000p\000l\000a\000t\000e\000\040\000R\000e\000f\000e\000r\000e\000n\000c\000e}{chapter.14}% 34
\BOOKMARK [2][-]{subsection.14.1.1}{\376\377\0001\0004\000.\0001\000.\0001\000\040\000D\000e\000t\000a\000i\000l\000e\000d\000\040\000D\000e\000s\000c\000r\000i\000p\000t\000i\000o\000n}{section.14.1}% 35
\BOOKMARK [2][-]{subsection.14.1.2}{\376\377\0001\0004\000.\0001\000.\0002\000\040\000C\000o\000n\000s\000t\000r\000u\000c\000t\000o\000r\000\040\000\046\000\040\000D\000e\000s\000t\000r\000u\000c\000t\000o\000r\000\040\000D\000o\000c\000u\000m\000e\000n\000t\000a\000t\000i\000o\000n}{section.14.1}% 36
\BOOKMARK [3][-]{subsubsection.14.1.2.1}{\376\377\0001\0004\000.\0001\000.\0002\000.\0001\000\040\000A\000l\000l\000e\000n\000C\000a\000h\000n\000S\000p\000e\000c\000i\000a\000l\000i\000z\000e\000d\000N\000L\000F\000o\000r\000m\000I\000n\000t\000e\000g\000r\000a\000t\000o\000r\000\050\000\051}{subsection.14.1.2}% 37
\BOOKMARK [2][-]{subsection.14.1.3}{\376\377\0001\0004\000.\0001\000.\0003\000\040\000M\000e\000m\000b\000e\000r\000\040\000F\000u\000n\000c\000t\000i\000o\000n\000\040\000D\000o\000c\000u\000m\000e\000n\000t\000a\000t\000i\000o\000n}{section.14.1}% 38
\BOOKMARK [3][-]{subsubsection.14.1.3.1}{\376\377\0001\0004\000.\0001\000.\0003\000.\0001\000\040\000A\000s\000s\000e\000m\000b\000l\000e\000E\000l\000e\000m\000e\000n\000t\000G\000r\000a\000d\000\050\000\051}{subsection.14.1.3}% 39
\BOOKMARK [3][-]{subsubsection.14.1.3.2}{\376\377\0001\0004\000.\0001\000.\0003\000.\0002\000\040\000A\000s\000s\000e\000m\000b\000l\000e\000E\000l\000e\000m\000e\000n\000t\000V\000e\000c\000t\000o\000r\000\050\000\051}{subsection.14.1.3}% 40
\BOOKMARK [1][-]{section.14.2}{\376\377\0001\0004\000.\0002\000\040\000A\000n\000a\000l\000y\000t\000i\000c\000a\000l\000F\000u\000n\000c\000t\000i\000o\000n\000s\000<\000\040\000D\000I\000M\000\040\000>\000\040\000C\000l\000a\000s\000s\000\040\000T\000e\000m\000p\000l\000a\000t\000e\000\040\000R\000e\000f\000e\000r\000e\000n\000c\000e}{chapter.14}% 41
\BOOKMARK [2][-]{subsection.14.2.1}{\376\377\0001\0004\000.\0002\000.\0001\000\040\000D\000e\000t\000a\000i\000l\000e\000d\000\040\000D\000e\000s\000c\000r\000i\000p\000t\000i\000o\000n}{section.14.2}% 42
\BOOKMARK [2][-]{subsection.14.2.2}{\376\377\0001\0004\000.\0002\000.\0002\000\040\000M\000e\000m\000b\000e\000r\000\040\000F\000u\000n\000c\000t\000i\000o\000n\000\040\000D\000o\000c\000u\000m\000e\000n\000t\000a\000t\000i\000o\000n}{section.14.2}% 43
\BOOKMARK [3][-]{subsubsection.14.2.2.1}{\376\377\0001\0004\000.\0002\000.\0002\000.\0001\000\040\000g\000e\000t\000A\000n\000a\000l\000y\000t\000i\000c\000a\000l\000F\000u\000n\000c\000t\000i\000o\000n\000s\000\050\000\051}{subsection.14.2.2}% 44
\BOOKMARK [1][-]{section.14.3}{\376\377\0001\0004\000.\0003\000\040\000A\000n\000a\000l\000y\000t\000i\000c\000a\000l\000F\000u\000n\000c\000t\000i\000o\000n\000s\000T\000y\000p\000e\000\040\000S\000t\000r\000u\000c\000t\000\040\000R\000e\000f\000e\000r\000e\000n\000c\000e}{chapter.14}% 45
\BOOKMARK [2][-]{subsection.14.3.1}{\376\377\0001\0004\000.\0003\000.\0001\000\040\000D\000e\000t\000a\000i\000l\000e\000d\000\040\000D\000e\000s\000c\000r\000i\000p\000t\000i\000o\000n}{section.14.3}% 46
\BOOKMARK [1][-]{section.14.4}{\376\377\0001\0004\000.\0004\000\040\000B\000o\000u\000n\000d\000a\000r\000i\000e\000s\000\040\000C\000l\000a\000s\000s\000\040\000R\000e\000f\000e\000r\000e\000n\000c\000e}{chapter.14}% 47
\BOOKMARK [2][-]{subsection.14.4.1}{\376\377\0001\0004\000.\0004\000.\0001\000\040\000D\000e\000t\000a\000i\000l\000e\000d\000\040\000D\000e\000s\000c\000r\000i\000p\000t\000i\000o\000n}{section.14.4}% 48
\BOOKMARK [1][-]{section.14.5}{\376\377\0001\0004\000.\0005\000\040\000B\000o\000u\000n\000d\000a\000r\000y\000\040\000C\000l\000a\000s\000s\000\040\000R\000e\000f\000e\000r\000e\000n\000c\000e}{chapter.14}% 49
\BOOKMARK [2][-]{subsection.14.5.1}{\376\377\0001\0004\000.\0005\000.\0001\000\040\000D\000e\000t\000a\000i\000l\000e\000d\000\040\000D\000e\000s\000c\000r\000i\000p\000t\000i\000o\000n}{section.14.5}% 50
\BOOKMARK [2][-]{subsection.14.5.2}{\376\377\0001\0004\000.\0005\000.\0002\000\040\000C\000o\000n\000s\000t\000r\000u\000c\000t\000o\000r\000\040\000\046\000\040\000D\000e\000s\000t\000r\000u\000c\000t\000o\000r\000\040\000D\000o\000c\000u\000m\000e\000n\000t\000a\000t\000i\000o\000n}{section.14.5}% 51
\BOOKMARK [3][-]{subsubsection.14.5.2.1}{\376\377\0001\0004\000.\0005\000.\0002\000.\0001\000\040\000B\000o\000u\000n\000d\000a\000r\000y\000\050\000\051}{subsection.14.5.2}% 52
\BOOKMARK [2][-]{subsection.14.5.3}{\376\377\0001\0004\000.\0005\000.\0003\000\040\000M\000e\000m\000b\000e\000r\000\040\000F\000u\000n\000c\000t\000i\000o\000n\000\040\000D\000o\000c\000u\000m\000e\000n\000t\000a\000t\000i\000o\000n}{section.14.5}% 53
\BOOKMARK [3][-]{subsubsection.14.5.3.1}{\376\377\0001\0004\000.\0005\000.\0003\000.\0001\000\040\000g\000e\000t\000\137\000b\000o\000u\000n\000d\000a\000r\000y\000\137\000i\000n\000d\000e\000x\000\050\000\051}{subsection.14.5.3}% 54
\BOOKMARK [3][-]{subsubsection.14.5.3.2}{\376\377\0001\0004\000.\0005\000.\0003\000.\0002\000\040\000g\000e\000t\000\137\000b\000o\000u\000n\000d\000a\000r\000y\000\137\000v\000a\000l\000u\000e\000\050\000\051}{subsection.14.5.3}% 55
\BOOKMARK [3][-]{subsubsection.14.5.3.3}{\376\377\0001\0004\000.\0005\000.\0003\000.\0003\000\040\000i\000s\000\137\000e\000s\000s\000e\000n\000t\000i\000a\000l\000\137\000b\000o\000u\000n\000d\000a\000r\000y\000\050\000\051}{subsection.14.5.3}% 56
\BOOKMARK [1][-]{section.14.6}{\376\377\0001\0004\000.\0006\000\040\000B\000o\000u\000n\000d\000a\000r\000y\000C\000o\000n\000d\000i\000t\000i\000o\000n\000s\000<\000\040\000T\000,\000\040\000D\000I\000M\000\040\000>\000\040\000C\000l\000a\000s\000s\000\040\000T\000e\000m\000p\000l\000a\000t\000e\000\040\000R\000e\000f\000e\000r\000e\000n\000c\000e}{chapter.14}% 57
\BOOKMARK [2][-]{subsection.14.6.1}{\376\377\0001\0004\000.\0006\000.\0001\000\040\000D\000e\000t\000a\000i\000l\000e\000d\000\040\000D\000e\000s\000c\000r\000i\000p\000t\000i\000o\000n}{section.14.6}% 58
\BOOKMARK [2][-]{subsection.14.6.2}{\376\377\0001\0004\000.\0006\000.\0002\000\040\000C\000o\000n\000s\000t\000r\000u\000c\000t\000o\000r\000\040\000\046\000\040\000D\000e\000s\000t\000r\000u\000c\000t\000o\000r\000\040\000D\000o\000c\000u\000m\000e\000n\000t\000a\000t\000i\000o\000n}{section.14.6}% 59
\BOOKMARK [3][-]{subsubsection.14.6.2.1}{\376\377\0001\0004\000.\0006\000.\0002\000.\0001\000\040\000B\000o\000u\000n\000d\000a\000r\000y\000C\000o\000n\000d\000i\000t\000i\000o\000n\000s\000\050\000\051}{subsection.14.6.2}% 60
\BOOKMARK [2][-]{subsection.14.6.3}{\376\377\0001\0004\000.\0006\000.\0003\000\040\000M\000e\000m\000b\000e\000r\000\040\000F\000u\000n\000c\000t\000i\000o\000n\000\040\000D\000o\000c\000u\000m\000e\000n\000t\000a\000t\000i\000o\000n}{section.14.6}% 61
\BOOKMARK [3][-]{subsubsection.14.6.3.1}{\376\377\0001\0004\000.\0006\000.\0003\000.\0001\000\040\000G\000e\000t\000E\000s\000s\000e\000n\000t\000i\000a\000l\000D\000o\000f\000s\000\050\000\051}{subsection.14.6.3}% 62
\BOOKMARK [3][-]{subsubsection.14.6.3.2}{\376\377\0001\0004\000.\0006\000.\0003\000.\0002\000\040\000S\000e\000t\000B\000o\000u\000n\000d\000a\000r\000y\000C\000o\000n\000d\000i\000t\000i\000o\000n\000s\000\050\000\051}{subsection.14.6.3}% 63
\BOOKMARK [1][-]{section.14.7}{\376\377\0001\0004\000.\0007\000\040\000B\000o\000u\000n\000d\000a\000r\000y\000C\000o\000n\000d\000i\000t\000i\000o\000n\000T\000y\000p\000e\000\040\000S\000t\000r\000u\000c\000t\000\040\000R\000e\000f\000e\000r\000e\000n\000c\000e}{chapter.14}% 64
\BOOKMARK [2][-]{subsection.14.7.1}{\376\377\0001\0004\000.\0007\000.\0001\000\040\000D\000e\000t\000a\000i\000l\000e\000d\000\040\000D\000e\000s\000c\000r\000i\000p\000t\000i\000o\000n}{section.14.7}% 65
\BOOKMARK [1][-]{section.14.8}{\376\377\0001\0004\000.\0008\000\040\000C\000a\000h\000n\000H\000i\000l\000l\000i\000a\000r\000d\000S\000p\000e\000c\000i\000a\000l\000i\000z\000e\000d\000N\000L\000F\000o\000r\000m\000I\000n\000t\000e\000g\000r\000a\000t\000o\000r\000<\000\040\000S\000C\000H\000E\000M\000E\000\040\000>\000\040\000C\000l\000a\000s\000s\000\040\000T\000e\000m\000p\000l\000a\000t\000e\000\040\000R\000e\000f\000e\000r\000e\000n\000c\000e}{chapter.14}% 66
\BOOKMARK [2][-]{subsection.14.8.1}{\376\377\0001\0004\000.\0008\000.\0001\000\040\000D\000e\000t\000a\000i\000l\000e\000d\000\040\000D\000e\000s\000c\000r\000i\000p\000t\000i\000o\000n}{section.14.8}% 67
\BOOKMARK [2][-]{subsection.14.8.2}{\376\377\0001\0004\000.\0008\000.\0002\000\040\000C\000o\000n\000s\000t\000r\000u\000c\000t\000o\000r\000\040\000\046\000\040\000D\000e\000s\000t\000r\000u\000c\000t\000o\000r\000\040\000D\000o\000c\000u\000m\000e\000n\000t\000a\000t\000i\000o\000n}{section.14.8}% 68
\BOOKMARK [3][-]{subsubsection.14.8.2.1}{\376\377\0001\0004\000.\0008\000.\0002\000.\0001\000\040\000C\000a\000h\000n\000H\000i\000l\000l\000i\000a\000r\000d\000S\000p\000e\000c\000i\000a\000l\000i\000z\000e\000d\000N\000L\000F\000o\000r\000m\000I\000n\000t\000e\000g\000r\000a\000t\000o\000r\000\050\000\051}{subsection.14.8.2}% 69
\BOOKMARK [2][-]{subsection.14.8.3}{\376\377\0001\0004\000.\0008\000.\0003\000\040\000M\000e\000m\000b\000e\000r\000\040\000F\000u\000n\000c\000t\000i\000o\000n\000\040\000D\000o\000c\000u\000m\000e\000n\000t\000a\000t\000i\000o\000n}{section.14.8}% 70
\BOOKMARK [3][-]{subsubsection.14.8.3.1}{\376\377\0001\0004\000.\0008\000.\0003\000.\0001\000\040\000A\000s\000s\000e\000m\000b\000l\000e\000E\000l\000e\000m\000e\000n\000t\000G\000r\000a\000d\000\050\000\051}{subsection.14.8.3}% 71
\BOOKMARK [3][-]{subsubsection.14.8.3.2}{\376\377\0001\0004\000.\0008\000.\0003\000.\0002\000\040\000A\000s\000s\000e\000m\000b\000l\000e\000E\000l\000e\000m\000e\000n\000t\000V\000e\000c\000t\000o\000r\000\050\000\051}{subsection.14.8.3}% 72
\BOOKMARK [1][-]{section.14.9}{\376\377\0001\0004\000.\0009\000\040\000C\000o\000n\000d\000u\000c\000t\000i\000o\000n\000O\000p\000e\000r\000a\000t\000o\000r\000\040\000C\000l\000a\000s\000s\000\040\000R\000e\000f\000e\000r\000e\000n\000c\000e}{chapter.14}% 73
\BOOKMARK [2][-]{subsection.14.9.1}{\376\377\0001\0004\000.\0009\000.\0001\000\040\000D\000e\000t\000a\000i\000l\000e\000d\000\040\000D\000e\000s\000c\000r\000i\000p\000t\000i\000o\000n}{section.14.9}% 74
\BOOKMARK [2][-]{subsection.14.9.2}{\376\377\0001\0004\000.\0009\000.\0002\000\040\000M\000e\000m\000b\000e\000r\000\040\000F\000u\000n\000c\000t\000i\000o\000n\000\040\000D\000o\000c\000u\000m\000e\000n\000t\000a\000t\000i\000o\000n}{section.14.9}% 75
\BOOKMARK [3][-]{subsubsection.14.9.2.1}{\376\377\0001\0004\000.\0009\000.\0002\000.\0001\000\040\000I\000m\000p\000l\000i\000c\000i\000t\000S\000o\000l\000v\000e\000\050\000\051}{subsection.14.9.2}% 76
\BOOKMARK [1][-]{section.14.10}{\376\377\0001\0004\000.\0001\0000\000\040\000D\000i\000f\000f\000u\000s\000i\000o\000n\000N\000L\000F\000I\000n\000t\000e\000g\000r\000a\000t\000o\000r\000\040\000C\000l\000a\000s\000s\000\040\000R\000e\000f\000e\000r\000e\000n\000c\000e}{chapter.14}% 77
\BOOKMARK [2][-]{subsection.14.10.1}{\376\377\0001\0004\000.\0001\0000\000.\0001\000\040\000D\000e\000t\000a\000i\000l\000e\000d\000\040\000D\000e\000s\000c\000r\000i\000p\000t\000i\000o\000n}{section.14.10}% 78
\BOOKMARK [2][-]{subsection.14.10.2}{\376\377\0001\0004\000.\0001\0000\000.\0002\000\040\000C\000o\000n\000s\000t\000r\000u\000c\000t\000o\000r\000\040\000\046\000\040\000D\000e\000s\000t\000r\000u\000c\000t\000o\000r\000\040\000D\000o\000c\000u\000m\000e\000n\000t\000a\000t\000i\000o\000n}{section.14.10}% 79
\BOOKMARK [3][-]{subsubsection.14.10.2.1}{\376\377\0001\0004\000.\0001\0000\000.\0002\000.\0001\000\040\000D\000i\000f\000f\000u\000s\000i\000o\000n\000N\000L\000F\000I\000n\000t\000e\000g\000r\000a\000t\000o\000r\000\050\000\051\000\040\000[\0001\000/\0005\000]}{subsection.14.10.2}% 80
\BOOKMARK [3][-]{subsubsection.14.10.2.2}{\376\377\0001\0004\000.\0001\0000\000.\0002\000.\0002\000\040\000D\000i\000f\000f\000u\000s\000i\000o\000n\000N\000L\000F\000I\000n\000t\000e\000g\000r\000a\000t\000o\000r\000\050\000\051\000\040\000[\0002\000/\0005\000]}{subsection.14.10.2}% 81
\BOOKMARK [3][-]{subsubsection.14.10.2.3}{\376\377\0001\0004\000.\0001\0000\000.\0002\000.\0003\000\040\000D\000i\000f\000f\000u\000s\000i\000o\000n\000N\000L\000F\000I\000n\000t\000e\000g\000r\000a\000t\000o\000r\000\050\000\051\000\040\000[\0003\000/\0005\000]}{subsection.14.10.2}% 82
\BOOKMARK [3][-]{subsubsection.14.10.2.4}{\376\377\0001\0004\000.\0001\0000\000.\0002\000.\0004\000\040\000D\000i\000f\000f\000u\000s\000i\000o\000n\000N\000L\000F\000I\000n\000t\000e\000g\000r\000a\000t\000o\000r\000\050\000\051\000\040\000[\0004\000/\0005\000]}{subsection.14.10.2}% 83
\BOOKMARK [3][-]{subsubsection.14.10.2.5}{\376\377\0001\0004\000.\0001\0000\000.\0002\000.\0005\000\040\000D\000i\000f\000f\000u\000s\000i\000o\000n\000N\000L\000F\000I\000n\000t\000e\000g\000r\000a\000t\000o\000r\000\050\000\051\000\040\000[\0005\000/\0005\000]}{subsection.14.10.2}% 84
\BOOKMARK [1][-]{section.14.11}{\376\377\0001\0004\000.\0001\0001\000\040\000E\000n\000e\000r\000g\000y\000C\000o\000e\000f\000f\000i\000c\000i\000e\000n\000t\000\040\000C\000l\000a\000s\000s\000\040\000R\000e\000f\000e\000r\000e\000n\000c\000e}{chapter.14}% 85
\BOOKMARK [2][-]{subsection.14.11.1}{\376\377\0001\0004\000.\0001\0001\000.\0001\000\040\000D\000e\000t\000a\000i\000l\000e\000d\000\040\000D\000e\000s\000c\000r\000i\000p\000t\000i\000o\000n}{section.14.11}% 86
\BOOKMARK [1][-]{section.14.12}{\376\377\0001\0004\000.\0001\0002\000\040\000I\000n\000t\000e\000r\000f\000a\000c\000i\000a\000l\000C\000o\000e\000f\000f\000i\000c\000i\000e\000n\000t\000\040\000C\000l\000a\000s\000s\000\040\000R\000e\000f\000e\000r\000e\000n\000c\000e}{chapter.14}% 87
\BOOKMARK [2][-]{subsection.14.12.1}{\376\377\0001\0004\000.\0001\0002\000.\0001\000\040\000D\000e\000t\000a\000i\000l\000e\000d\000\040\000D\000e\000s\000c\000r\000i\000p\000t\000i\000o\000n}{section.14.12}% 88
\BOOKMARK [1][-]{section.14.13}{\376\377\0001\0004\000.\0001\0003\000\040\000M\000e\000l\000t\000i\000n\000g\000C\000o\000e\000f\000f\000i\000c\000i\000e\000n\000t\000\040\000C\000l\000a\000s\000s\000\040\000R\000e\000f\000e\000r\000e\000n\000c\000e}{chapter.14}% 89
\BOOKMARK [2][-]{subsection.14.13.1}{\376\377\0001\0004\000.\0001\0003\000.\0001\000\040\000D\000e\000t\000a\000i\000l\000e\000d\000\040\000D\000e\000s\000c\000r\000i\000p\000t\000i\000o\000n}{section.14.13}% 90
\BOOKMARK [1][-]{section.14.14}{\376\377\0001\0004\000.\0001\0004\000\040\000M\000e\000s\000h\000e\000s\000\040\000S\000t\000r\000u\000c\000t\000\040\000R\000e\000f\000e\000r\000e\000n\000c\000e}{chapter.14}% 91
\BOOKMARK [2][-]{subsection.14.14.1}{\376\377\0001\0004\000.\0001\0004\000.\0001\000\040\000D\000e\000t\000a\000i\000l\000e\000d\000\040\000D\000e\000s\000c\000r\000i\000p\000t\000i\000o\000n}{section.14.14}% 92
\BOOKMARK [1][-]{section.14.15}{\376\377\0001\0004\000.\0001\0005\000\040\000P\000h\000a\000s\000e\000F\000i\000e\000l\000d\000P\000r\000i\000v\000a\000t\000e\000:\000:\000m\000m\000a\000p\000<\000\040\000E\000T\000y\000p\000e\000\040\000>\000\040\000S\000t\000r\000u\000c\000t\000\040\000T\000e\000m\000p\000l\000a\000t\000e\000\040\000R\000e\000f\000e\000r\000e\000n\000c\000e}{chapter.14}% 93
\BOOKMARK [2][-]{subsection.14.15.1}{\376\377\0001\0004\000.\0001\0005\000.\0001\000\040\000D\000e\000t\000a\000i\000l\000e\000d\000\040\000D\000e\000s\000c\000r\000i\000p\000t\000i\000o\000n}{section.14.15}% 94
\BOOKMARK [1][-]{section.14.16}{\376\377\0001\0004\000.\0001\0006\000\040\000M\000o\000b\000i\000l\000i\000t\000y\000C\000o\000e\000f\000f\000i\000c\000i\000e\000n\000t\000\040\000C\000l\000a\000s\000s\000\040\000R\000e\000f\000e\000r\000e\000n\000c\000e}{chapter.14}% 95
\BOOKMARK [2][-]{subsection.14.16.1}{\376\377\0001\0004\000.\0001\0006\000.\0001\000\040\000D\000e\000t\000a\000i\000l\000e\000d\000\040\000D\000e\000s\000c\000r\000i\000p\000t\000i\000o\000n}{section.14.16}% 96
\BOOKMARK [1][-]{section.14.17}{\376\377\0001\0004\000.\0001\0007\000\040\000m\000u\000l\000t\000i\000d\000i\000m\000e\000n\000s\000i\000o\000n\000\137\000f\000u\000n\000c\000t\000i\000o\000n\000<\000\040\000D\000I\000M\000\040\000>\000\040\000S\000t\000r\000u\000c\000t\000\040\000T\000e\000m\000p\000l\000a\000t\000e\000\040\000R\000e\000f\000e\000r\000e\000n\000c\000e}{chapter.14}% 97
\BOOKMARK [2][-]{subsection.14.17.1}{\376\377\0001\0004\000.\0001\0007\000.\0001\000\040\000D\000e\000t\000a\000i\000l\000e\000d\000\040\000D\000e\000s\000c\000r\000i\000p\000t\000i\000o\000n}{section.14.17}% 98
\BOOKMARK [1][-]{section.14.18}{\376\377\0001\0004\000.\0001\0008\000\040\000m\000u\000l\000t\000i\000d\000i\000m\000e\000n\000s\000i\000o\000n\000\137\000f\000u\000n\000c\000t\000i\000o\000n\000<\000\040\0001\000\040\000>\000\040\000S\000t\000r\000u\000c\000t\000\040\000T\000e\000m\000p\000l\000a\000t\000e\000\040\000R\000e\000f\000e\000r\000e\000n\000c\000e}{chapter.14}% 99
\BOOKMARK [2][-]{subsection.14.18.1}{\376\377\0001\0004\000.\0001\0008\000.\0001\000\040\000D\000e\000t\000a\000i\000l\000e\000d\000\040\000D\000e\000s\000c\000r\000i\000p\000t\000i\000o\000n}{section.14.18}% 100
\BOOKMARK [1][-]{section.14.19}{\376\377\0001\0004\000.\0001\0009\000\040\000m\000u\000l\000t\000i\000d\000i\000m\000e\000n\000s\000i\000o\000n\000\137\000f\000u\000n\000c\000t\000i\000o\000n\000<\000\040\0002\000\040\000>\000\040\000S\000t\000r\000u\000c\000t\000\040\000T\000e\000m\000p\000l\000a\000t\000e\000\040\000R\000e\000f\000e\000r\000e\000n\000c\000e}{chapter.14}% 101
\BOOKMARK [2][-]{subsection.14.19.1}{\376\377\0001\0004\000.\0001\0009\000.\0001\000\040\000D\000e\000t\000a\000i\000l\000e\000d\000\040\000D\000e\000s\000c\000r\000i\000p\000t\000i\000o\000n}{section.14.19}% 102
\BOOKMARK [1][-]{section.14.20}{\376\377\0001\0004\000.\0002\0000\000\040\000m\000u\000l\000t\000i\000d\000i\000m\000e\000n\000s\000i\000o\000n\000\137\000f\000u\000n\000c\000t\000i\000o\000n\000<\000\040\0003\000\040\000>\000\040\000S\000t\000r\000u\000c\000t\000\040\000T\000e\000m\000p\000l\000a\000t\000e\000\040\000R\000e\000f\000e\000r\000e\000n\000c\000e}{chapter.14}% 103
\BOOKMARK [2][-]{subsection.14.20.1}{\376\377\0001\0004\000.\0002\0000\000.\0001\000\040\000D\000e\000t\000a\000i\000l\000e\000d\000\040\000D\000e\000s\000c\000r\000i\000p\000t\000i\000o\000n}{section.14.20}% 104
\BOOKMARK [1][-]{section.14.21}{\376\377\0001\0004\000.\0002\0001\000\040\000m\000y\000\137\000b\000e\000s\000t\000\137\000c\000o\000n\000s\000t\000r\000u\000c\000t\000o\000r\000<\000\040\000T\000,\000\040\000D\000I\000M\000\040\000>\000\040\000S\000t\000r\000u\000c\000t\000\040\000T\000e\000m\000p\000l\000a\000t\000e\000\040\000R\000e\000f\000e\000r\000e\000n\000c\000e}{chapter.14}% 105
\BOOKMARK [2][-]{subsection.14.21.1}{\376\377\0001\0004\000.\0002\0001\000.\0001\000\040\000D\000e\000t\000a\000i\000l\000e\000d\000\040\000D\000e\000s\000c\000r\000i\000p\000t\000i\000o\000n}{section.14.21}% 106
\BOOKMARK [1][-]{section.14.22}{\376\377\0001\0004\000.\0002\0002\000\040\000m\000y\000\137\000b\000e\000s\000t\000\137\000c\000o\000n\000s\000t\000r\000u\000c\000t\000o\000r\000<\000\040\000T\000,\000\040\0001\000\040\000>\000\040\000S\000t\000r\000u\000c\000t\000\040\000T\000e\000m\000p\000l\000a\000t\000e\000\040\000R\000e\000f\000e\000r\000e\000n\000c\000e}{chapter.14}% 107
\BOOKMARK [2][-]{subsection.14.22.1}{\376\377\0001\0004\000.\0002\0002\000.\0001\000\040\000D\000e\000t\000a\000i\000l\000e\000d\000\040\000D\000e\000s\000c\000r\000i\000p\000t\000i\000o\000n}{section.14.22}% 108
\BOOKMARK [1][-]{section.14.23}{\376\377\0001\0004\000.\0002\0003\000\040\000m\000y\000\137\000b\000e\000s\000t\000\137\000c\000o\000n\000s\000t\000r\000u\000c\000t\000o\000r\000<\000\040\000T\000,\000\040\0002\000\040\000>\000\040\000S\000t\000r\000u\000c\000t\000\040\000T\000e\000m\000p\000l\000a\000t\000e\000\040\000R\000e\000f\000e\000r\000e\000n\000c\000e}{chapter.14}% 109
\BOOKMARK [2][-]{subsection.14.23.1}{\376\377\0001\0004\000.\0002\0003\000.\0001\000\040\000D\000e\000t\000a\000i\000l\000e\000d\000\040\000D\000e\000s\000c\000r\000i\000p\000t\000i\000o\000n}{section.14.23}% 110
\BOOKMARK [1][-]{section.14.24}{\376\377\0001\0004\000.\0002\0004\000\040\000m\000y\000\137\000b\000e\000s\000t\000\137\000c\000o\000n\000s\000t\000r\000u\000c\000t\000o\000r\000<\000\040\000T\000,\000\040\0003\000\040\000>\000\040\000S\000t\000r\000u\000c\000t\000\040\000T\000e\000m\000p\000l\000a\000t\000e\000\040\000R\000e\000f\000e\000r\000e\000n\000c\000e}{chapter.14}% 111
\BOOKMARK [2][-]{subsection.14.24.1}{\376\377\0001\0004\000.\0002\0004\000.\0001\000\040\000D\000e\000t\000a\000i\000l\000e\000d\000\040\000D\000e\000s\000c\000r\000i\000p\000t\000i\000o\000n}{section.14.24}% 112
\BOOKMARK [1][-]{section.14.25}{\376\377\0001\0004\000.\0002\0005\000\040\000N\000o\000n\000l\000i\000n\000e\000a\000r\000C\000o\000e\000f\000f\000i\000c\000i\000e\000n\000t\000\040\000C\000l\000a\000s\000s\000\040\000R\000e\000f\000e\000r\000e\000n\000c\000e}{chapter.14}% 113
\BOOKMARK [2][-]{subsection.14.25.1}{\376\377\0001\0004\000.\0002\0005\000.\0001\000\040\000D\000e\000t\000a\000i\000l\000e\000d\000\040\000D\000e\000s\000c\000r\000i\000p\000t\000i\000o\000n}{section.14.25}% 114
\BOOKMARK [1][-]{section.14.26}{\376\377\0001\0004\000.\0002\0006\000\040\000P\000a\000r\000a\000m\000e\000t\000e\000r\000\040\000C\000l\000a\000s\000s\000\040\000R\000e\000f\000e\000r\000e\000n\000c\000e}{chapter.14}% 115
\BOOKMARK [2][-]{subsection.14.26.1}{\376\377\0001\0004\000.\0002\0006\000.\0001\000\040\000D\000e\000t\000a\000i\000l\000e\000d\000\040\000D\000e\000s\000c\000r\000i\000p\000t\000i\000o\000n}{section.14.26}% 116
\BOOKMARK [2][-]{subsection.14.26.2}{\376\377\0001\0004\000.\0002\0006\000.\0002\000\040\000M\000e\000m\000b\000e\000r\000\040\000F\000u\000n\000c\000t\000i\000o\000n\000\040\000D\000o\000c\000u\000m\000e\000n\000t\000a\000t\000i\000o\000n}{section.14.26}% 117
\BOOKMARK [3][-]{subsubsection.14.26.2.1}{\376\377\0001\0004\000.\0002\0006\000.\0002\000.\0001\000\040\000g\000e\000t\000N\000a\000m\000e\000\050\000\051}{subsection.14.26.2}% 118
\BOOKMARK [3][-]{subsubsection.14.26.2.2}{\376\377\0001\0004\000.\0002\0006\000.\0002\000.\0002\000\040\000g\000e\000t\000V\000a\000l\000u\000e\000\050\000\051}{subsection.14.26.2}% 119
\BOOKMARK [1][-]{section.14.27}{\376\377\0001\0004\000.\0002\0007\000\040\000P\000a\000r\000a\000m\000e\000t\000e\000r\000s\000\040\000C\000l\000a\000s\000s\000\040\000R\000e\000f\000e\000r\000e\000n\000c\000e}{chapter.14}% 120
\BOOKMARK [2][-]{subsection.14.27.1}{\376\377\0001\0004\000.\0002\0007\000.\0001\000\040\000D\000e\000t\000a\000i\000l\000e\000d\000\040\000D\000e\000s\000c\000r\000i\000p\000t\000i\000o\000n}{section.14.27}% 121
\BOOKMARK [2][-]{subsection.14.27.2}{\376\377\0001\0004\000.\0002\0007\000.\0002\000\040\000C\000o\000n\000s\000t\000r\000u\000c\000t\000o\000r\000\040\000\046\000\040\000D\000e\000s\000t\000r\000u\000c\000t\000o\000r\000\040\000D\000o\000c\000u\000m\000e\000n\000t\000a\000t\000i\000o\000n}{section.14.27}% 122
\BOOKMARK [3][-]{subsubsection.14.27.2.1}{\376\377\0001\0004\000.\0002\0007\000.\0002\000.\0001\000\040\000P\000a\000r\000a\000m\000e\000t\000e\000r\000s\000\050\000\051}{subsection.14.27.2}% 123
\BOOKMARK [2][-]{subsection.14.27.3}{\376\377\0001\0004\000.\0002\0007\000.\0003\000\040\000M\000e\000m\000b\000e\000r\000\040\000F\000u\000n\000c\000t\000i\000o\000n\000\040\000D\000o\000c\000u\000m\000e\000n\000t\000a\000t\000i\000o\000n}{section.14.27}% 124
\BOOKMARK [3][-]{subsubsection.14.27.3.1}{\376\377\0001\0004\000.\0002\0007\000.\0003\000.\0001\000\040\000a\000d\000d\000\050\000\051}{subsection.14.27.3}% 125
\BOOKMARK [3][-]{subsubsection.14.27.3.2}{\376\377\0001\0004\000.\0002\0007\000.\0003\000.\0002\000\040\000g\000e\000t\000\137\000p\000a\000r\000a\000m\000e\000t\000e\000r\000\137\000v\000a\000l\000u\000e\000\050\000\051}{subsection.14.27.3}% 126
\BOOKMARK [3][-]{subsubsection.14.27.3.3}{\376\377\0001\0004\000.\0002\0007\000.\0003\000.\0003\000\040\000g\000e\000t\000M\000a\000p\000P\000a\000r\000a\000m\000e\000t\000e\000r\000s\000\050\000\051}{subsection.14.27.3}% 127
\BOOKMARK [1][-]{section.14.28}{\376\377\0001\0004\000.\0002\0008\000\040\000P\000h\000a\000s\000e\000F\000i\000e\000l\000d\000O\000p\000e\000r\000a\000t\000o\000r\000<\000\040\000T\000,\000\040\000D\000I\000M\000,\000\040\000N\000L\000F\000I\000\040\000>\000\040\000C\000l\000a\000s\000s\000\040\000T\000e\000m\000p\000l\000a\000t\000e\000\040\000R\000e\000f\000e\000r\000e\000n\000c\000e}{chapter.14}% 128
\BOOKMARK [2][-]{subsection.14.28.1}{\376\377\0001\0004\000.\0002\0008\000.\0001\000\040\000D\000e\000t\000a\000i\000l\000e\000d\000\040\000D\000e\000s\000c\000r\000i\000p\000t\000i\000o\000n}{section.14.28}% 129
\BOOKMARK [2][-]{subsection.14.28.2}{\376\377\0001\0004\000.\0002\0008\000.\0002\000\040\000C\000o\000n\000s\000t\000r\000u\000c\000t\000o\000r\000\040\000\046\000\040\000D\000e\000s\000t\000r\000u\000c\000t\000o\000r\000\040\000D\000o\000c\000u\000m\000e\000n\000t\000a\000t\000i\000o\000n}{section.14.28}% 130
\BOOKMARK [3][-]{subsubsection.14.28.2.1}{\376\377\0001\0004\000.\0002\0008\000.\0002\000.\0001\000\040\000P\000h\000a\000s\000e\000F\000i\000e\000l\000d\000O\000p\000e\000r\000a\000t\000o\000r\000\050\000\051}{subsection.14.28.2}% 131
\BOOKMARK [2][-]{subsection.14.28.3}{\376\377\0001\0004\000.\0002\0008\000.\0003\000\040\000M\000e\000m\000b\000e\000r\000\040\000F\000u\000n\000c\000t\000i\000o\000n\000\040\000D\000o\000c\000u\000m\000e\000n\000t\000a\000t\000i\000o\000n}{section.14.28}% 132
\BOOKMARK [3][-]{subsubsection.14.28.3.1}{\376\377\0001\0004\000.\0002\0008\000.\0003\000.\0001\000\040\000I\000m\000p\000l\000i\000c\000i\000t\000S\000o\000l\000v\000e\000\050\000\051}{subsection.14.28.3}% 133
\BOOKMARK [3][-]{subsubsection.14.28.3.2}{\376\377\0001\0004\000.\0002\0008\000.\0003\000.\0002\000\040\000i\000n\000i\000t\000i\000a\000l\000i\000z\000e\000\050\000\051}{subsection.14.28.3}% 134
\BOOKMARK [3][-]{subsubsection.14.28.3.3}{\376\377\0001\0004\000.\0002\0008\000.\0003\000.\0003\000\040\000M\000u\000l\000t\000\050\000\051}{subsection.14.28.3}% 135
\BOOKMARK [3][-]{subsubsection.14.28.3.4}{\376\377\0001\0004\000.\0002\0008\000.\0003\000.\0004\000\040\000P\000h\000a\000s\000e\000F\000i\000e\000l\000d\000E\000n\000e\000r\000g\000y\000\050\000\051}{subsection.14.28.3}% 136
\BOOKMARK [3][-]{subsubsection.14.28.3.5}{\376\377\0001\0004\000.\0002\0008\000.\0003\000.\0005\000\040\000S\000e\000t\000C\000o\000n\000s\000t\000a\000n\000t\000P\000a\000r\000a\000m\000e\000t\000e\000r\000s\000\050\000\051}{subsection.14.28.3}% 137
\BOOKMARK [3][-]{subsubsection.14.28.3.6}{\376\377\0001\0004\000.\0002\0008\000.\0003\000.\0006\000\040\000S\000e\000t\000T\000r\000a\000n\000s\000i\000e\000n\000t\000P\000a\000r\000a\000m\000e\000t\000e\000r\000s\000\050\000\051}{subsection.14.28.3}% 138
\BOOKMARK [2][-]{subsection.14.28.4}{\376\377\0001\0004\000.\0002\0008\000.\0004\000\040\000F\000i\000e\000l\000d\000\040\000D\000o\000c\000u\000m\000e\000n\000t\000a\000t\000i\000o\000n}{section.14.28}% 139
\BOOKMARK [3][-]{subsubsection.14.28.4.1}{\376\377\0001\0004\000.\0002\0008\000.\0004\000.\0001\000\040\000r\000e\000d\000u\000c\000e\000d\000\137\000o\000p\000e\000r}{subsection.14.28.4}% 140
\BOOKMARK [1][-]{section.14.29}{\376\377\0001\0004\000.\0002\0009\000\040\000P\000h\000a\000s\000e\000F\000i\000e\000l\000d\000R\000e\000d\000u\000c\000e\000d\000O\000p\000e\000r\000a\000t\000o\000r\000\040\000C\000l\000a\000s\000s\000\040\000R\000e\000f\000e\000r\000e\000n\000c\000e}{chapter.14}% 141
\BOOKMARK [2][-]{subsection.14.29.1}{\376\377\0001\0004\000.\0002\0009\000.\0001\000\040\000D\000e\000t\000a\000i\000l\000e\000d\000\040\000D\000e\000s\000c\000r\000i\000p\000t\000i\000o\000n}{section.14.29}% 142
\BOOKMARK [1][-]{section.14.30}{\376\377\0001\0004\000.\0003\0000\000\040\000P\000o\000i\000s\000s\000o\000n\000N\000L\000F\000I\000n\000t\000e\000g\000r\000a\000t\000o\000r\000\040\000C\000l\000a\000s\000s\000\040\000R\000e\000f\000e\000r\000e\000n\000c\000e}{chapter.14}% 143
\BOOKMARK [2][-]{subsection.14.30.1}{\376\377\0001\0004\000.\0003\0000\000.\0001\000\040\000D\000e\000t\000a\000i\000l\000e\000d\000\040\000D\000e\000s\000c\000r\000i\000p\000t\000i\000o\000n}{section.14.30}% 144
\BOOKMARK [1][-]{section.14.31}{\376\377\0001\0004\000.\0003\0001\000\040\000P\000o\000s\000t\000P\000r\000o\000c\000e\000s\000s\000i\000n\000g\000<\000\040\000T\000,\000\040\000D\000C\000,\000\040\000D\000I\000M\000\040\000>\000\040\000C\000l\000a\000s\000s\000\040\000T\000e\000m\000p\000l\000a\000t\000e\000\040\000R\000e\000f\000e\000r\000e\000n\000c\000e}{chapter.14}% 145
\BOOKMARK [2][-]{subsection.14.31.1}{\376\377\0001\0004\000.\0003\0001\000.\0001\000\040\000D\000e\000t\000a\000i\000l\000e\000d\000\040\000D\000e\000s\000c\000r\000i\000p\000t\000i\000o\000n}{section.14.31}% 146
\BOOKMARK [2][-]{subsection.14.31.2}{\376\377\0001\0004\000.\0003\0001\000.\0002\000\040\000C\000o\000n\000s\000t\000r\000u\000c\000t\000o\000r\000\040\000\046\000\040\000D\000e\000s\000t\000r\000u\000c\000t\000o\000r\000\040\000D\000o\000c\000u\000m\000e\000n\000t\000a\000t\000i\000o\000n}{section.14.31}% 147
\BOOKMARK [3][-]{subsubsection.14.31.2.1}{\376\377\0001\0004\000.\0003\0001\000.\0002\000.\0001\000\040\000P\000o\000s\000t\000P\000r\000o\000c\000e\000s\000s\000i\000n\000g\000\050\000\051}{subsection.14.31.2}% 148
\BOOKMARK [2][-]{subsection.14.31.3}{\376\377\0001\0004\000.\0003\0001\000.\0003\000\040\000M\000e\000m\000b\000e\000r\000\040\000F\000u\000n\000c\000t\000i\000o\000n\000\040\000D\000o\000c\000u\000m\000e\000n\000t\000a\000t\000i\000o\000n}{section.14.31}% 149
\BOOKMARK [3][-]{subsubsection.14.31.3.1}{\376\377\0001\0004\000.\0003\0001\000.\0003\000.\0001\000\040\000g\000e\000t\000\137\000f\000r\000e\000q\000u\000e\000n\000c\000y\000\050\000\051}{subsection.14.31.3}% 150
\BOOKMARK [3][-]{subsubsection.14.31.3.2}{\376\377\0001\0004\000.\0003\0001\000.\0003\000.\0002\000\040\000n\000e\000e\000d\000\137\000t\000o\000\137\000b\000e\000\137\000s\000a\000v\000e\000d\000\050\000\051}{subsection.14.31.3}% 151
\BOOKMARK [3][-]{subsubsection.14.31.3.3}{\376\377\0001\0004\000.\0003\0001\000.\0003\000.\0003\000\040\000s\000a\000v\000e\000\137\000v\000a\000r\000i\000a\000b\000l\000e\000s\000\050\000\051}{subsection.14.31.3}% 152
\BOOKMARK [1][-]{section.14.32}{\376\377\0001\0004\000.\0003\0002\000\040\000p\000o\000t\000e\000n\000t\000i\000a\000l\000\137\000f\000u\000n\000c\000t\000i\000o\000n\000<\000\040\000O\000R\000D\000E\000R\000,\000\040\000S\000C\000H\000E\000M\000E\000\040\000>\000\040\000S\000t\000r\000u\000c\000t\000\040\000T\000e\000m\000p\000l\000a\000t\000e\000\040\000R\000e\000f\000e\000r\000e\000n\000c\000e}{chapter.14}% 153
\BOOKMARK [2][-]{subsection.14.32.1}{\376\377\0001\0004\000.\0003\0002\000.\0001\000\040\000D\000e\000t\000a\000i\000l\000e\000d\000\040\000D\000e\000s\000c\000r\000i\000p\000t\000i\000o\000n}{section.14.32}% 154
\BOOKMARK [1][-]{section.14.33}{\376\377\0001\0004\000.\0003\0003\000\040\000p\000o\000t\000e\000n\000t\000i\000a\000l\000\137\000f\000u\000n\000c\000t\000i\000o\000n\000<\000\040\0000\000,\000\040\000T\000h\000e\000r\000m\000o\000d\000y\000n\000a\000m\000i\000c\000s\000P\000o\000t\000e\000n\000t\000i\000a\000l\000D\000i\000s\000c\000r\000e\000t\000i\000z\000a\000t\000i\000o\000n\000:\000:\000E\000x\000p\000l\000i\000c\000i\000t\000\040\000>\000\040\000S\000t\000r\000u\000c\000t\000\040\000T\000e\000m\000p\000l\000a\000t\000e\000\040\000R\000e\000f\000e\000r\000e\000n\000c\000e}{chapter.14}% 155
\BOOKMARK [2][-]{subsection.14.33.1}{\376\377\0001\0004\000.\0003\0003\000.\0001\000\040\000D\000e\000t\000a\000i\000l\000e\000d\000\040\000D\000e\000s\000c\000r\000i\000p\000t\000i\000o\000n}{section.14.33}% 156
\BOOKMARK [2][-]{subsection.14.33.2}{\376\377\0001\0004\000.\0003\0003\000.\0002\000\040\000M\000e\000m\000b\000e\000r\000\040\000F\000u\000n\000c\000t\000i\000o\000n\000\040\000D\000o\000c\000u\000m\000e\000n\000t\000a\000t\000i\000o\000n}{section.14.33}% 157
\BOOKMARK [3][-]{subsubsection.14.33.2.1}{\376\377\0001\0004\000.\0003\0003\000.\0002\000.\0001\000\040\000g\000e\000t\000H\000\050\000\051}{subsection.14.33.2}% 158
\BOOKMARK [3][-]{subsubsection.14.33.2.2}{\376\377\0001\0004\000.\0003\0003\000.\0002\000.\0002\000\040\000g\000e\000t\000W\000\050\000\051}{subsection.14.33.2}% 159
\BOOKMARK [3][-]{subsubsection.14.33.2.3}{\376\377\0001\0004\000.\0003\0003\000.\0002\000.\0003\000\040\000g\000e\000t\000X\000\050\000\051}{subsection.14.33.2}% 160
\BOOKMARK [1][-]{section.14.34}{\376\377\0001\0004\000.\0003\0004\000\040\000p\000o\000t\000e\000n\000t\000i\000a\000l\000\137\000f\000u\000n\000c\000t\000i\000o\000n\000<\000\040\0000\000,\000\040\000T\000h\000e\000r\000m\000o\000d\000y\000n\000a\000m\000i\000c\000s\000P\000o\000t\000e\000n\000t\000i\000a\000l\000D\000i\000s\000c\000r\000e\000t\000i\000z\000a\000t\000i\000o\000n\000:\000:\000I\000m\000p\000l\000i\000c\000i\000t\000\040\000>\000\040\000S\000t\000r\000u\000c\000t\000\040\000T\000e\000m\000p\000l\000a\000t\000e\000\040\000R\000e\000f\000e\000r\000e\000n\000c\000e}{chapter.14}% 161
\BOOKMARK [2][-]{subsection.14.34.1}{\376\377\0001\0004\000.\0003\0004\000.\0001\000\040\000D\000e\000t\000a\000i\000l\000e\000d\000\040\000D\000e\000s\000c\000r\000i\000p\000t\000i\000o\000n}{section.14.34}% 162
\BOOKMARK [2][-]{subsection.14.34.2}{\376\377\0001\0004\000.\0003\0004\000.\0002\000\040\000M\000e\000m\000b\000e\000r\000\040\000F\000u\000n\000c\000t\000i\000o\000n\000\040\000D\000o\000c\000u\000m\000e\000n\000t\000a\000t\000i\000o\000n}{section.14.34}% 163
\BOOKMARK [3][-]{subsubsection.14.34.2.1}{\376\377\0001\0004\000.\0003\0004\000.\0002\000.\0001\000\040\000g\000e\000t\000H\000\050\000\051}{subsection.14.34.2}% 164
\BOOKMARK [3][-]{subsubsection.14.34.2.2}{\376\377\0001\0004\000.\0003\0004\000.\0002\000.\0002\000\040\000g\000e\000t\000W\000\050\000\051}{subsection.14.34.2}% 165
\BOOKMARK [3][-]{subsubsection.14.34.2.3}{\376\377\0001\0004\000.\0003\0004\000.\0002\000.\0003\000\040\000g\000e\000t\000X\000\050\000\051}{subsection.14.34.2}% 166
\BOOKMARK [1][-]{section.14.35}{\376\377\0001\0004\000.\0003\0005\000\040\000p\000o\000t\000e\000n\000t\000i\000a\000l\000\137\000f\000u\000n\000c\000t\000i\000o\000n\000<\000\040\0000\000,\000\040\000T\000h\000e\000r\000m\000o\000d\000y\000n\000a\000m\000i\000c\000s\000P\000o\000t\000e\000n\000t\000i\000a\000l\000D\000i\000s\000c\000r\000e\000t\000i\000z\000a\000t\000i\000o\000n\000:\000:\000S\000e\000m\000i\000I\000m\000p\000l\000i\000c\000i\000t\000\040\000>\000\040\000S\000t\000r\000u\000c\000t\000\040\000T\000e\000m\000p\000l\000a\000t\000e\000\040\000R\000e\000f\000e\000r\000e\000n\000c\000e}{chapter.14}% 167
\BOOKMARK [2][-]{subsection.14.35.1}{\376\377\0001\0004\000.\0003\0005\000.\0001\000\040\000D\000e\000t\000a\000i\000l\000e\000d\000\040\000D\000e\000s\000c\000r\000i\000p\000t\000i\000o\000n}{section.14.35}% 168
\BOOKMARK [2][-]{subsection.14.35.2}{\376\377\0001\0004\000.\0003\0005\000.\0002\000\040\000M\000e\000m\000b\000e\000r\000\040\000F\000u\000n\000c\000t\000i\000o\000n\000\040\000D\000o\000c\000u\000m\000e\000n\000t\000a\000t\000i\000o\000n}{section.14.35}% 169
\BOOKMARK [3][-]{subsubsection.14.35.2.1}{\376\377\0001\0004\000.\0003\0005\000.\0002\000.\0001\000\040\000g\000e\000t\000H\000\050\000\051}{subsection.14.35.2}% 170
\BOOKMARK [3][-]{subsubsection.14.35.2.2}{\376\377\0001\0004\000.\0003\0005\000.\0002\000.\0002\000\040\000g\000e\000t\000W\000\050\000\051}{subsection.14.35.2}% 171
\BOOKMARK [3][-]{subsubsection.14.35.2.3}{\376\377\0001\0004\000.\0003\0005\000.\0002\000.\0003\000\040\000g\000e\000t\000X\000\050\000\051}{subsection.14.35.2}% 172
\BOOKMARK [1][-]{section.14.36}{\376\377\0001\0004\000.\0003\0006\000\040\000p\000o\000t\000e\000n\000t\000i\000a\000l\000\137\000f\000u\000n\000c\000t\000i\000o\000n\000<\000\040\0001\000,\000\040\000T\000h\000e\000r\000m\000o\000d\000y\000n\000a\000m\000i\000c\000s\000P\000o\000t\000e\000n\000t\000i\000a\000l\000D\000i\000s\000c\000r\000e\000t\000i\000z\000a\000t\000i\000o\000n\000:\000:\000E\000x\000p\000l\000i\000c\000i\000t\000\040\000>\000\040\000S\000t\000r\000u\000c\000t\000\040\000T\000e\000m\000p\000l\000a\000t\000e\000\040\000R\000e\000f\000e\000r\000e\000n\000c\000e}{chapter.14}% 173
\BOOKMARK [2][-]{subsection.14.36.1}{\376\377\0001\0004\000.\0003\0006\000.\0001\000\040\000D\000e\000t\000a\000i\000l\000e\000d\000\040\000D\000e\000s\000c\000r\000i\000p\000t\000i\000o\000n}{section.14.36}% 174
\BOOKMARK [2][-]{subsection.14.36.2}{\376\377\0001\0004\000.\0003\0006\000.\0002\000\040\000M\000e\000m\000b\000e\000r\000\040\000F\000u\000n\000c\000t\000i\000o\000n\000\040\000D\000o\000c\000u\000m\000e\000n\000t\000a\000t\000i\000o\000n}{section.14.36}% 175
\BOOKMARK [3][-]{subsubsection.14.36.2.1}{\376\377\0001\0004\000.\0003\0006\000.\0002\000.\0001\000\040\000g\000e\000t\000H\000\050\000\051}{subsection.14.36.2}% 176
\BOOKMARK [3][-]{subsubsection.14.36.2.2}{\376\377\0001\0004\000.\0003\0006\000.\0002\000.\0002\000\040\000g\000e\000t\000W\000\050\000\051}{subsection.14.36.2}% 177
\BOOKMARK [3][-]{subsubsection.14.36.2.3}{\376\377\0001\0004\000.\0003\0006\000.\0002\000.\0003\000\040\000g\000e\000t\000X\000\050\000\051}{subsection.14.36.2}% 178
\BOOKMARK [1][-]{section.14.37}{\376\377\0001\0004\000.\0003\0007\000\040\000p\000o\000t\000e\000n\000t\000i\000a\000l\000\137\000f\000u\000n\000c\000t\000i\000o\000n\000<\000\040\0001\000,\000\040\000T\000h\000e\000r\000m\000o\000d\000y\000n\000a\000m\000i\000c\000s\000P\000o\000t\000e\000n\000t\000i\000a\000l\000D\000i\000s\000c\000r\000e\000t\000i\000z\000a\000t\000i\000o\000n\000:\000:\000I\000m\000p\000l\000i\000c\000i\000t\000\040\000>\000\040\000S\000t\000r\000u\000c\000t\000\040\000T\000e\000m\000p\000l\000a\000t\000e\000\040\000R\000e\000f\000e\000r\000e\000n\000c\000e}{chapter.14}% 179
\BOOKMARK [2][-]{subsection.14.37.1}{\376\377\0001\0004\000.\0003\0007\000.\0001\000\040\000D\000e\000t\000a\000i\000l\000e\000d\000\040\000D\000e\000s\000c\000r\000i\000p\000t\000i\000o\000n}{section.14.37}% 180
\BOOKMARK [2][-]{subsection.14.37.2}{\376\377\0001\0004\000.\0003\0007\000.\0002\000\040\000M\000e\000m\000b\000e\000r\000\040\000F\000u\000n\000c\000t\000i\000o\000n\000\040\000D\000o\000c\000u\000m\000e\000n\000t\000a\000t\000i\000o\000n}{section.14.37}% 181
\BOOKMARK [3][-]{subsubsection.14.37.2.1}{\376\377\0001\0004\000.\0003\0007\000.\0002\000.\0001\000\040\000g\000e\000t\000H\000\050\000\051}{subsection.14.37.2}% 182
\BOOKMARK [3][-]{subsubsection.14.37.2.2}{\376\377\0001\0004\000.\0003\0007\000.\0002\000.\0002\000\040\000g\000e\000t\000W\000\050\000\051}{subsection.14.37.2}% 183
\BOOKMARK [3][-]{subsubsection.14.37.2.3}{\376\377\0001\0004\000.\0003\0007\000.\0002\000.\0003\000\040\000g\000e\000t\000X\000\050\000\051}{subsection.14.37.2}% 184
\BOOKMARK [1][-]{section.14.38}{\376\377\0001\0004\000.\0003\0008\000\040\000p\000o\000t\000e\000n\000t\000i\000a\000l\000\137\000f\000u\000n\000c\000t\000i\000o\000n\000<\000\040\0001\000,\000\040\000T\000h\000e\000r\000m\000o\000d\000y\000n\000a\000m\000i\000c\000s\000P\000o\000t\000e\000n\000t\000i\000a\000l\000D\000i\000s\000c\000r\000e\000t\000i\000z\000a\000t\000i\000o\000n\000:\000:\000S\000e\000m\000i\000I\000m\000p\000l\000i\000c\000i\000t\000\040\000>\000\040\000S\000t\000r\000u\000c\000t\000\040\000T\000e\000m\000p\000l\000a\000t\000e\000\040\000R\000e\000f\000e\000r\000e\000n\000c\000e}{chapter.14}% 185
\BOOKMARK [2][-]{subsection.14.38.1}{\376\377\0001\0004\000.\0003\0008\000.\0001\000\040\000D\000e\000t\000a\000i\000l\000e\000d\000\040\000D\000e\000s\000c\000r\000i\000p\000t\000i\000o\000n}{section.14.38}% 186
\BOOKMARK [2][-]{subsection.14.38.2}{\376\377\0001\0004\000.\0003\0008\000.\0002\000\040\000M\000e\000m\000b\000e\000r\000\040\000F\000u\000n\000c\000t\000i\000o\000n\000\040\000D\000o\000c\000u\000m\000e\000n\000t\000a\000t\000i\000o\000n}{section.14.38}% 187
\BOOKMARK [3][-]{subsubsection.14.38.2.1}{\376\377\0001\0004\000.\0003\0008\000.\0002\000.\0001\000\040\000g\000e\000t\000H\000\050\000\051}{subsection.14.38.2}% 188
\BOOKMARK [3][-]{subsubsection.14.38.2.2}{\376\377\0001\0004\000.\0003\0008\000.\0002\000.\0002\000\040\000g\000e\000t\000W\000\050\000\051}{subsection.14.38.2}% 189
\BOOKMARK [3][-]{subsubsection.14.38.2.3}{\376\377\0001\0004\000.\0003\0008\000.\0002\000.\0003\000\040\000g\000e\000t\000X\000\050\000\051}{subsection.14.38.2}% 190
\BOOKMARK [1][-]{section.14.39}{\376\377\0001\0004\000.\0003\0009\000\040\000p\000o\000t\000e\000n\000t\000i\000a\000l\000\137\000f\000u\000n\000c\000t\000i\000o\000n\000<\000\040\0002\000,\000\040\000T\000h\000e\000r\000m\000o\000d\000y\000n\000a\000m\000i\000c\000s\000P\000o\000t\000e\000n\000t\000i\000a\000l\000D\000i\000s\000c\000r\000e\000t\000i\000z\000a\000t\000i\000o\000n\000:\000:\000E\000x\000p\000l\000i\000c\000i\000t\000\040\000>\000\040\000S\000t\000r\000u\000c\000t\000\040\000T\000e\000m\000p\000l\000a\000t\000e\000\040\000R\000e\000f\000e\000r\000e\000n\000c\000e}{chapter.14}% 191
\BOOKMARK [2][-]{subsection.14.39.1}{\376\377\0001\0004\000.\0003\0009\000.\0001\000\040\000D\000e\000t\000a\000i\000l\000e\000d\000\040\000D\000e\000s\000c\000r\000i\000p\000t\000i\000o\000n}{section.14.39}% 192
\BOOKMARK [2][-]{subsection.14.39.2}{\376\377\0001\0004\000.\0003\0009\000.\0002\000\040\000M\000e\000m\000b\000e\000r\000\040\000F\000u\000n\000c\000t\000i\000o\000n\000\040\000D\000o\000c\000u\000m\000e\000n\000t\000a\000t\000i\000o\000n}{section.14.39}% 193
\BOOKMARK [3][-]{subsubsection.14.39.2.1}{\376\377\0001\0004\000.\0003\0009\000.\0002\000.\0001\000\040\000g\000e\000t\000H\000\050\000\051}{subsection.14.39.2}% 194
\BOOKMARK [3][-]{subsubsection.14.39.2.2}{\376\377\0001\0004\000.\0003\0009\000.\0002\000.\0002\000\040\000g\000e\000t\000W\000\050\000\051}{subsection.14.39.2}% 195
\BOOKMARK [3][-]{subsubsection.14.39.2.3}{\376\377\0001\0004\000.\0003\0009\000.\0002\000.\0003\000\040\000g\000e\000t\000X\000\050\000\051}{subsection.14.39.2}% 196
\BOOKMARK [1][-]{section.14.40}{\376\377\0001\0004\000.\0004\0000\000\040\000p\000o\000t\000e\000n\000t\000i\000a\000l\000\137\000f\000u\000n\000c\000t\000i\000o\000n\000<\000\040\0002\000,\000\040\000T\000h\000e\000r\000m\000o\000d\000y\000n\000a\000m\000i\000c\000s\000P\000o\000t\000e\000n\000t\000i\000a\000l\000D\000i\000s\000c\000r\000e\000t\000i\000z\000a\000t\000i\000o\000n\000:\000:\000I\000m\000p\000l\000i\000c\000i\000t\000\040\000>\000\040\000S\000t\000r\000u\000c\000t\000\040\000T\000e\000m\000p\000l\000a\000t\000e\000\040\000R\000e\000f\000e\000r\000e\000n\000c\000e}{chapter.14}% 197
\BOOKMARK [2][-]{subsection.14.40.1}{\376\377\0001\0004\000.\0004\0000\000.\0001\000\040\000D\000e\000t\000a\000i\000l\000e\000d\000\040\000D\000e\000s\000c\000r\000i\000p\000t\000i\000o\000n}{section.14.40}% 198
\BOOKMARK [2][-]{subsection.14.40.2}{\376\377\0001\0004\000.\0004\0000\000.\0002\000\040\000M\000e\000m\000b\000e\000r\000\040\000F\000u\000n\000c\000t\000i\000o\000n\000\040\000D\000o\000c\000u\000m\000e\000n\000t\000a\000t\000i\000o\000n}{section.14.40}% 199
\BOOKMARK [3][-]{subsubsection.14.40.2.1}{\376\377\0001\0004\000.\0004\0000\000.\0002\000.\0001\000\040\000g\000e\000t\000H\000\050\000\051}{subsection.14.40.2}% 200
\BOOKMARK [3][-]{subsubsection.14.40.2.2}{\376\377\0001\0004\000.\0004\0000\000.\0002\000.\0002\000\040\000g\000e\000t\000W\000\050\000\051}{subsection.14.40.2}% 201
\BOOKMARK [3][-]{subsubsection.14.40.2.3}{\376\377\0001\0004\000.\0004\0000\000.\0002\000.\0003\000\040\000g\000e\000t\000X\000\050\000\051}{subsection.14.40.2}% 202
\BOOKMARK [1][-]{section.14.41}{\376\377\0001\0004\000.\0004\0001\000\040\000p\000o\000t\000e\000n\000t\000i\000a\000l\000\137\000f\000u\000n\000c\000t\000i\000o\000n\000<\000\040\0002\000,\000\040\000T\000h\000e\000r\000m\000o\000d\000y\000n\000a\000m\000i\000c\000s\000P\000o\000t\000e\000n\000t\000i\000a\000l\000D\000i\000s\000c\000r\000e\000t\000i\000z\000a\000t\000i\000o\000n\000:\000:\000S\000e\000m\000i\000I\000m\000p\000l\000i\000c\000i\000t\000\040\000>\000\040\000S\000t\000r\000u\000c\000t\000\040\000T\000e\000m\000p\000l\000a\000t\000e\000\040\000R\000e\000f\000e\000r\000e\000n\000c\000e}{chapter.14}% 203
\BOOKMARK [2][-]{subsection.14.41.1}{\376\377\0001\0004\000.\0004\0001\000.\0001\000\040\000D\000e\000t\000a\000i\000l\000e\000d\000\040\000D\000e\000s\000c\000r\000i\000p\000t\000i\000o\000n}{section.14.41}% 204
\BOOKMARK [2][-]{subsection.14.41.2}{\376\377\0001\0004\000.\0004\0001\000.\0002\000\040\000M\000e\000m\000b\000e\000r\000\040\000F\000u\000n\000c\000t\000i\000o\000n\000\040\000D\000o\000c\000u\000m\000e\000n\000t\000a\000t\000i\000o\000n}{section.14.41}% 205
\BOOKMARK [3][-]{subsubsection.14.41.2.1}{\376\377\0001\0004\000.\0004\0001\000.\0002\000.\0001\000\040\000g\000e\000t\000H\000\050\000\051}{subsection.14.41.2}% 206
\BOOKMARK [3][-]{subsubsection.14.41.2.2}{\376\377\0001\0004\000.\0004\0001\000.\0002\000.\0002\000\040\000g\000e\000t\000W\000\050\000\051}{subsection.14.41.2}% 207
\BOOKMARK [3][-]{subsubsection.14.41.2.3}{\376\377\0001\0004\000.\0004\0001\000.\0002\000.\0003\000\040\000g\000e\000t\000X\000\050\000\051}{subsection.14.41.2}% 208
\BOOKMARK [1][-]{section.14.42}{\376\377\0001\0004\000.\0004\0002\000\040\000P\000o\000t\000e\000n\000t\000i\000a\000l\000F\000u\000n\000c\000t\000i\000o\000n\000s\000<\000\040\000O\000R\000D\000E\000R\000,\000\040\000S\000C\000H\000E\000M\000E\000\040\000>\000\040\000C\000l\000a\000s\000s\000\040\000T\000e\000m\000p\000l\000a\000t\000e\000\040\000R\000e\000f\000e\000r\000e\000n\000c\000e}{chapter.14}% 209
\BOOKMARK [2][-]{subsection.14.42.1}{\376\377\0001\0004\000.\0004\0002\000.\0001\000\040\000D\000e\000t\000a\000i\000l\000e\000d\000\040\000D\000e\000s\000c\000r\000i\000p\000t\000i\000o\000n}{section.14.42}% 210
\BOOKMARK [2][-]{subsection.14.42.2}{\376\377\0001\0004\000.\0004\0002\000.\0002\000\040\000M\000e\000m\000b\000e\000r\000\040\000F\000u\000n\000c\000t\000i\000o\000n\000\040\000D\000o\000c\000u\000m\000e\000n\000t\000a\000t\000i\000o\000n}{section.14.42}% 211
\BOOKMARK [3][-]{subsubsection.14.42.2.1}{\376\377\0001\0004\000.\0004\0002\000.\0002\000.\0001\000\040\000g\000e\000t\000P\000o\000t\000e\000n\000t\000i\000a\000l\000F\000u\000n\000c\000t\000i\000o\000n\000\050\000\051}{subsection.14.42.2}% 212
\BOOKMARK [1][-]{section.14.43}{\376\377\0001\0004\000.\0004\0003\000\040\000P\000r\000o\000b\000l\000e\000m\000\040\000C\000l\000a\000s\000s\000\040\000R\000e\000f\000e\000r\000e\000n\000c\000e}{chapter.14}% 213
\BOOKMARK [2][-]{subsection.14.43.1}{\376\377\0001\0004\000.\0004\0003\000.\0001\000\040\000D\000e\000t\000a\000i\000l\000e\000d\000\040\000D\000e\000s\000c\000r\000i\000p\000t\000i\000o\000n}{section.14.43}% 214
\BOOKMARK [1][-]{section.14.44}{\376\377\0001\0004\000.\0004\0004\000\040\000P\000r\000o\000b\000l\000e\000m\000s\000\040\000S\000t\000r\000u\000c\000t\000\040\000R\000e\000f\000e\000r\000e\000n\000c\000e}{chapter.14}% 215
\BOOKMARK [2][-]{subsection.14.44.1}{\376\377\0001\0004\000.\0004\0004\000.\0001\000\040\000D\000e\000t\000a\000i\000l\000e\000d\000\040\000D\000e\000s\000c\000r\000i\000p\000t\000i\000o\000n}{section.14.44}% 216
\BOOKMARK [1][-]{section.14.45}{\376\377\0001\0004\000.\0004\0005\000\040\000S\000p\000a\000t\000i\000a\000l\000D\000i\000s\000c\000r\000e\000t\000i\000z\000a\000t\000i\000o\000n\000<\000\040\000T\000,\000\040\000D\000I\000M\000\040\000>\000\040\000C\000l\000a\000s\000s\000\040\000T\000e\000m\000p\000l\000a\000t\000e\000\040\000R\000e\000f\000e\000r\000e\000n\000c\000e}{chapter.14}% 217
\BOOKMARK [2][-]{subsection.14.45.1}{\376\377\0001\0004\000.\0004\0005\000.\0001\000\040\000D\000e\000t\000a\000i\000l\000e\000d\000\040\000D\000e\000s\000c\000r\000i\000p\000t\000i\000o\000n}{section.14.45}% 218
\BOOKMARK [2][-]{subsection.14.45.2}{\376\377\0001\0004\000.\0004\0005\000.\0002\000\040\000C\000o\000n\000s\000t\000r\000u\000c\000t\000o\000r\000\040\000\046\000\040\000D\000e\000s\000t\000r\000u\000c\000t\000o\000r\000\040\000D\000o\000c\000u\000m\000e\000n\000t\000a\000t\000i\000o\000n}{section.14.45}% 219
\BOOKMARK [3][-]{subsubsection.14.45.2.1}{\376\377\0001\0004\000.\0004\0005\000.\0002\000.\0001\000\040\000\040\000S\000p\000a\000t\000i\000a\000l\000D\000i\000s\000c\000r\000e\000t\000i\000z\000a\000t\000i\000o\000n\000\050\000\051}{subsection.14.45.2}% 220
\BOOKMARK [2][-]{subsection.14.45.3}{\376\377\0001\0004\000.\0004\0005\000.\0003\000\040\000M\000e\000m\000b\000e\000r\000\040\000F\000u\000n\000c\000t\000i\000o\000n\000\040\000D\000o\000c\000u\000m\000e\000n\000t\000a\000t\000i\000o\000n}{section.14.45}% 221
\BOOKMARK [3][-]{subsubsection.14.45.3.1}{\376\377\0001\0004\000.\0004\0005\000.\0003\000.\0001\000\040\000a\000p\000p\000l\000y\000\137\000u\000n\000i\000f\000o\000r\000m\000\137\000r\000e\000f\000i\000n\000e\000m\000e\000n\000t\000\050\000\051}{subsection.14.45.3}% 222
\BOOKMARK [3][-]{subsubsection.14.45.3.2}{\376\377\0001\0004\000.\0004\0005\000.\0003\000.\0002\000\040\000g\000e\000t\000\137\000d\000i\000m\000e\000n\000s\000i\000o\000n\000\050\000\051}{subsection.14.45.3}% 223
\BOOKMARK [3][-]{subsubsection.14.45.3.3}{\376\377\0001\0004\000.\0004\0005\000.\0003\000.\0003\000\040\000g\000e\000t\000\137\000f\000i\000n\000i\000t\000e\000\137\000e\000l\000e\000m\000e\000n\000t\000\137\000s\000p\000a\000c\000e\000\050\000\051}{subsection.14.45.3}% 224
\BOOKMARK [3][-]{subsubsection.14.45.3.4}{\376\377\0001\0004\000.\0004\0005\000.\0003\000.\0004\000\040\000g\000e\000t\000\137\000m\000a\000x\000\137\000b\000d\000r\000\137\000a\000t\000t\000r\000i\000b\000u\000t\000e\000s\000\050\000\051}{subsection.14.45.3}% 225
\BOOKMARK [3][-]{subsubsection.14.45.3.5}{\376\377\0001\0004\000.\0004\0005\000.\0003\000.\0005\000\040\000g\000e\000t\000\137\000m\000e\000s\000h\000\050\000\051}{subsection.14.45.3}% 226
\BOOKMARK [3][-]{subsubsection.14.45.3.6}{\376\377\0001\0004\000.\0004\0005\000.\0003\000.\0006\000\040\000g\000e\000t\000S\000i\000z\000e\000\050\000\051}{subsection.14.45.3}% 227
\BOOKMARK [3][-]{subsubsection.14.45.3.7}{\376\377\0001\0004\000.\0004\0005\000.\0003\000.\0007\000\040\000m\000a\000k\000e\000\137\000p\000e\000r\000i\000o\000d\000i\000c\000\137\000m\000e\000s\000h\000\050\000\051}{subsection.14.45.3}% 228
\BOOKMARK [3][-]{subsubsection.14.45.3.8}{\376\377\0001\0004\000.\0004\0005\000.\0003\000.\0008\000\040\000s\000e\000t\000\137\000f\000i\000n\000i\000t\000e\000\137\000e\000l\000e\000m\000e\000n\000t\000\137\000s\000p\000a\000c\000e\000\050\000\051}{subsection.14.45.3}% 229
\BOOKMARK [1][-]{section.14.46}{\376\377\0001\0004\000.\0004\0006\000\040\000T\000h\000e\000r\000m\000o\000d\000y\000n\000a\000m\000i\000c\000R\000o\000o\000t\000F\000i\000n\000d\000i\000n\000g\000A\000l\000g\000o\000r\000i\000t\000h\000m\000\040\000S\000t\000r\000u\000c\000t\000\040\000R\000e\000f\000e\000r\000e\000n\000c\000e}{chapter.14}% 230
\BOOKMARK [2][-]{subsection.14.46.1}{\376\377\0001\0004\000.\0004\0006\000.\0001\000\040\000D\000e\000t\000a\000i\000l\000e\000d\000\040\000D\000e\000s\000c\000r\000i\000p\000t\000i\000o\000n}{section.14.46}% 231
\BOOKMARK [1][-]{section.14.47}{\376\377\0001\0004\000.\0004\0007\000\040\000T\000h\000e\000r\000m\000o\000d\000y\000n\000a\000m\000i\000c\000s\000A\000l\000l\000e\000n\000C\000a\000h\000n\000M\000o\000b\000i\000l\000i\000t\000y\000\040\000S\000t\000r\000u\000c\000t\000\040\000R\000e\000f\000e\000r\000e\000n\000c\000e}{chapter.14}% 232
\BOOKMARK [2][-]{subsection.14.47.1}{\376\377\0001\0004\000.\0004\0007\000.\0001\000\040\000D\000e\000t\000a\000i\000l\000e\000d\000\040\000D\000e\000s\000c\000r\000i\000p\000t\000i\000o\000n}{section.14.47}% 233
\BOOKMARK [1][-]{section.14.48}{\376\377\0001\0004\000.\0004\0008\000\040\000T\000h\000e\000r\000m\000o\000d\000y\000n\000a\000m\000i\000c\000s\000F\000G\000R\000\040\000S\000t\000r\000u\000c\000t\000\040\000R\000e\000f\000e\000r\000e\000n\000c\000e}{chapter.14}% 234
\BOOKMARK [2][-]{subsection.14.48.1}{\376\377\0001\0004\000.\0004\0008\000.\0001\000\040\000D\000e\000t\000a\000i\000l\000e\000d\000\040\000D\000e\000s\000c\000r\000i\000p\000t\000i\000o\000n}{section.14.48}% 235
\BOOKMARK [1][-]{section.14.49}{\376\377\0001\0004\000.\0004\0009\000\040\000T\000h\000e\000r\000m\000o\000d\000y\000n\000a\000m\000i\000c\000s\000I\000n\000i\000t\000i\000a\000l\000i\000z\000a\000t\000i\000o\000n\000\040\000S\000t\000r\000u\000c\000t\000\040\000R\000e\000f\000e\000r\000e\000n\000c\000e}{chapter.14}% 236
\BOOKMARK [2][-]{subsection.14.49.1}{\376\377\0001\0004\000.\0004\0009\000.\0001\000\040\000D\000e\000t\000a\000i\000l\000e\000d\000\040\000D\000e\000s\000c\000r\000i\000p\000t\000i\000o\000n}{section.14.49}% 237
\BOOKMARK [1][-]{section.14.50}{\376\377\0001\0004\000.\0005\0000\000\040\000T\000h\000e\000r\000m\000o\000d\000y\000n\000a\000m\000i\000c\000s\000L\000i\000n\000e\000a\000r\000P\000o\000w\000e\000r\000S\000o\000u\000r\000c\000e\000T\000e\000r\000m\000\040\000S\000t\000r\000u\000c\000t\000\040\000R\000e\000f\000e\000r\000e\000n\000c\000e}{chapter.14}% 238
\BOOKMARK [2][-]{subsection.14.50.1}{\376\377\0001\0004\000.\0005\0000\000.\0001\000\040\000D\000e\000t\000a\000i\000l\000e\000d\000\040\000D\000e\000s\000c\000r\000i\000p\000t\000i\000o\000n}{section.14.50}% 239
\BOOKMARK [1][-]{section.14.51}{\376\377\0001\0004\000.\0005\0001\000\040\000T\000h\000e\000r\000m\000o\000d\000y\000n\000a\000m\000i\000c\000s\000M\000o\000d\000e\000l\000\040\000S\000t\000r\000u\000c\000t\000\040\000R\000e\000f\000e\000r\000e\000n\000c\000e}{chapter.14}% 240
\BOOKMARK [2][-]{subsection.14.51.1}{\376\377\0001\0004\000.\0005\0001\000.\0001\000\040\000D\000e\000t\000a\000i\000l\000e\000d\000\040\000D\000e\000s\000c\000r\000i\000p\000t\000i\000o\000n}{section.14.51}% 241
\BOOKMARK [1][-]{section.14.52}{\376\377\0001\0004\000.\0005\0002\000\040\000T\000h\000e\000r\000m\000o\000d\000y\000n\000a\000m\000i\000c\000s\000M\000o\000l\000a\000r\000V\000o\000l\000u\000m\000e\000T\000y\000p\000e\000\040\000S\000t\000r\000u\000c\000t\000\040\000R\000e\000f\000e\000r\000e\000n\000c\000e}{chapter.14}% 242
\BOOKMARK [2][-]{subsection.14.52.1}{\376\377\0001\0004\000.\0005\0002\000.\0001\000\040\000D\000e\000t\000a\000i\000l\000e\000d\000\040\000D\000e\000s\000c\000r\000i\000p\000t\000i\000o\000n}{section.14.52}% 243
\BOOKMARK [1][-]{section.14.53}{\376\377\0001\0004\000.\0005\0003\000\040\000T\000h\000e\000r\000m\000o\000d\000y\000n\000a\000m\000i\000c\000s\000P\000o\000t\000e\000n\000t\000i\000a\000l\000s\000\040\000S\000t\000r\000u\000c\000t\000\040\000R\000e\000f\000e\000r\000e\000n\000c\000e}{chapter.14}% 244
\BOOKMARK [2][-]{subsection.14.53.1}{\376\377\0001\0004\000.\0005\0003\000.\0001\000\040\000D\000e\000t\000a\000i\000l\000e\000d\000\040\000D\000e\000s\000c\000r\000i\000p\000t\000i\000o\000n}{section.14.53}% 245
\BOOKMARK [1][-]{section.14.54}{\376\377\0001\0004\000.\0005\0004\000\040\000T\000h\000e\000r\000m\000o\000d\000y\000n\000a\000m\000i\000c\000s\000P\000r\000o\000p\000e\000r\000t\000i\000e\000s\000\040\000S\000t\000r\000u\000c\000t\000\040\000R\000e\000f\000e\000r\000e\000n\000c\000e}{chapter.14}% 246
\BOOKMARK [2][-]{subsection.14.54.1}{\376\377\0001\0004\000.\0005\0004\000.\0001\000\040\000D\000e\000t\000a\000i\000l\000e\000d\000\040\000D\000e\000s\000c\000r\000i\000p\000t\000i\000o\000n}{section.14.54}% 247
\BOOKMARK [1][-]{section.14.55}{\376\377\0001\0004\000.\0005\0005\000\040\000T\000h\000e\000r\000m\000o\000d\000y\000n\000a\000m\000i\000c\000s\000S\000t\000a\000b\000i\000l\000i\000z\000a\000t\000i\000o\000n\000S\000c\000h\000e\000m\000e\000\040\000S\000t\000r\000u\000c\000t\000\040\000R\000e\000f\000e\000r\000e\000n\000c\000e}{chapter.14}% 248
\BOOKMARK [2][-]{subsection.14.55.1}{\376\377\0001\0004\000.\0005\0005\000.\0001\000\040\000D\000e\000t\000a\000i\000l\000e\000d\000\040\000D\000e\000s\000c\000r\000i\000p\000t\000i\000o\000n}{section.14.55}% 249
\BOOKMARK [1][-]{section.14.56}{\376\377\0001\0004\000.\0005\0006\000\040\000T\000h\000e\000r\000m\000o\000d\000y\000n\000a\000m\000i\000c\000S\000u\000b\000M\000o\000d\000e\000l\000s\000\040\000S\000t\000r\000u\000c\000t\000\040\000R\000e\000f\000e\000r\000e\000n\000c\000e}{chapter.14}% 250
\BOOKMARK [2][-]{subsection.14.56.1}{\376\377\0001\0004\000.\0005\0006\000.\0001\000\040\000D\000e\000t\000a\000i\000l\000e\000d\000\040\000D\000e\000s\000c\000r\000i\000p\000t\000i\000o\000n}{section.14.56}% 251
\BOOKMARK [1][-]{section.14.57}{\376\377\0001\0004\000.\0005\0007\000\040\000T\000h\000e\000r\000m\000o\000d\000y\000n\000a\000m\000i\000c\000s\000U\000n\000i\000t\000F\000o\000r\000S\000e\000t\000t\000i\000n\000g\000C\000o\000n\000d\000i\000t\000i\000o\000n\000s\000\040\000S\000t\000r\000u\000c\000t\000\040\000R\000e\000f\000e\000r\000e\000n\000c\000e}{chapter.14}% 252
\BOOKMARK [2][-]{subsection.14.57.1}{\376\377\0001\0004\000.\0005\0007\000.\0001\000\040\000D\000e\000t\000a\000i\000l\000e\000d\000\040\000D\000e\000s\000c\000r\000i\000p\000t\000i\000o\000n}{section.14.57}% 253
\BOOKMARK [1][-]{section.14.58}{\376\377\0001\0004\000.\0005\0008\000\040\000T\000h\000e\000r\000m\000o\000d\000y\000n\000a\000m\000i\000c\000s\000U\000p\000d\000a\000t\000e\000Q\000u\000a\000n\000t\000i\000t\000i\000e\000s\000M\000e\000t\000h\000o\000d\000\040\000S\000t\000r\000u\000c\000t\000\040\000R\000e\000f\000e\000r\000e\000n\000c\000e}{chapter.14}% 254
\BOOKMARK [2][-]{subsection.14.58.1}{\376\377\0001\0004\000.\0005\0008\000.\0001\000\040\000D\000e\000t\000a\000i\000l\000e\000d\000\040\000D\000e\000s\000c\000r\000i\000p\000t\000i\000o\000n}{section.14.58}% 255
\BOOKMARK [1][-]{section.14.59}{\376\377\0001\0004\000.\0005\0009\000\040\000T\000h\000e\000r\000m\000o\000d\000y\000n\000a\000m\000i\000c\000S\000y\000s\000t\000e\000m\000s\000F\000o\000r\000M\000o\000b\000i\000l\000i\000t\000i\000e\000s\000\040\000S\000t\000r\000u\000c\000t\000\040\000R\000e\000f\000e\000r\000e\000n\000c\000e}{chapter.14}% 256
\BOOKMARK [2][-]{subsection.14.59.1}{\376\377\0001\0004\000.\0005\0009\000.\0001\000\040\000D\000e\000t\000a\000i\000l\000e\000d\000\040\000D\000e\000s\000c\000r\000i\000p\000t\000i\000o\000n}{section.14.59}% 257
\BOOKMARK [1][-]{section.14.60}{\376\377\0001\0004\000.\0006\0000\000\040\000T\000i\000m\000e\000D\000i\000s\000c\000r\000e\000t\000i\000z\000a\000t\000i\000o\000n\000<\000\040\000T\000,\000\040\000D\000C\000,\000\040\000D\000I\000M\000,\000\040\000N\000L\000F\000I\000\040\000>\000\040\000C\000l\000a\000s\000s\000\040\000T\000e\000m\000p\000l\000a\000t\000e\000\040\000R\000e\000f\000e\000r\000e\000n\000c\000e}{chapter.14}% 258
\BOOKMARK [2][-]{subsection.14.60.1}{\376\377\0001\0004\000.\0006\0000\000.\0001\000\040\000D\000e\000t\000a\000i\000l\000e\000d\000\040\000D\000e\000s\000c\000r\000i\000p\000t\000i\000o\000n}{section.14.60}% 259
\BOOKMARK [2][-]{subsection.14.60.2}{\376\377\0001\0004\000.\0006\0000\000.\0002\000\040\000C\000o\000n\000s\000t\000r\000u\000c\000t\000o\000r\000\040\000\046\000\040\000D\000e\000s\000t\000r\000u\000c\000t\000o\000r\000\040\000D\000o\000c\000u\000m\000e\000n\000t\000a\000t\000i\000o\000n}{section.14.60}% 260
\BOOKMARK [3][-]{subsubsection.14.60.2.1}{\376\377\0001\0004\000.\0006\0000\000.\0002\000.\0001\000\040\000T\000i\000m\000e\000D\000i\000s\000c\000r\000e\000t\000i\000z\000a\000t\000i\000o\000n\000\050\000\051}{subsection.14.60.2}% 261
\BOOKMARK [1][-]{section.14.61}{\376\377\0001\0004\000.\0006\0001\000\040\000T\000i\000m\000e\000S\000c\000h\000e\000m\000e\000\040\000S\000t\000r\000u\000c\000t\000\040\000R\000e\000f\000e\000r\000e\000n\000c\000e}{chapter.14}% 262
\BOOKMARK [2][-]{subsection.14.61.1}{\376\377\0001\0004\000.\0006\0001\000.\0001\000\040\000D\000e\000t\000a\000i\000l\000e\000d\000\040\000D\000e\000s\000c\000r\000i\000p\000t\000i\000o\000n}{section.14.61}% 263
\BOOKMARK [1][-]{section.14.62}{\376\377\0001\0004\000.\0006\0002\000\040\000U\000t\000i\000l\000s\000F\000o\000r\000S\000o\000l\000v\000e\000r\000s\000\040\000C\000l\000a\000s\000s\000\040\000R\000e\000f\000e\000r\000e\000n\000c\000e}{chapter.14}% 264
\BOOKMARK [2][-]{subsection.14.62.1}{\376\377\0001\0004\000.\0006\0002\000.\0001\000\040\000D\000e\000t\000a\000i\000l\000e\000d\000\040\000D\000e\000s\000c\000r\000i\000p\000t\000i\000o\000n}{section.14.62}% 265
\BOOKMARK [2][-]{subsection.14.62.2}{\376\377\0001\0004\000.\0006\0002\000.\0002\000\040\000M\000e\000m\000b\000e\000r\000\040\000F\000u\000n\000c\000t\000i\000o\000n\000\040\000D\000o\000c\000u\000m\000e\000n\000t\000a\000t\000i\000o\000n}{section.14.62}% 266
\BOOKMARK [3][-]{subsubsection.14.62.2.1}{\376\377\0001\0004\000.\0006\0002\000.\0002\000.\0001\000\040\000B\000u\000i\000l\000d\000S\000o\000l\000v\000e\000r\000\050\000\051}{subsection.14.62.2}% 267
\BOOKMARK [3][-]{subsubsection.14.62.2.2}{\376\377\0001\0004\000.\0006\0002\000.\0002\000.\0002\000\040\000S\000e\000t\000S\000o\000l\000v\000e\000r\000P\000a\000r\000a\000m\000e\000t\000e\000r\000s\000\050\000\051}{subsection.14.62.2}% 268
\BOOKMARK [1][-]{section.14.63}{\376\377\0001\0004\000.\0006\0003\000\040\000V\000a\000r\000i\000a\000b\000l\000e\000<\000\040\000T\000,\000\040\000D\000I\000M\000\040\000>\000\040\000C\000l\000a\000s\000s\000\040\000T\000e\000m\000p\000l\000a\000t\000e\000\040\000R\000e\000f\000e\000r\000e\000n\000c\000e}{chapter.14}% 269
\BOOKMARK [2][-]{subsection.14.63.1}{\376\377\0001\0004\000.\0006\0003\000.\0001\000\040\000D\000e\000t\000a\000i\000l\000e\000d\000\040\000D\000e\000s\000c\000r\000i\000p\000t\000i\000o\000n}{section.14.63}% 270
\BOOKMARK [2][-]{subsection.14.63.2}{\376\377\0001\0004\000.\0006\0003\000.\0002\000\040\000C\000o\000n\000s\000t\000r\000u\000c\000t\000o\000r\000\040\000\046\000\040\000D\000e\000s\000t\000r\000u\000c\000t\000o\000r\000\040\000D\000o\000c\000u\000m\000e\000n\000t\000a\000t\000i\000o\000n}{section.14.63}% 271
\BOOKMARK [3][-]{subsubsection.14.63.2.1}{\376\377\0001\0004\000.\0006\0003\000.\0002\000.\0001\000\040\000V\000a\000r\000i\000a\000b\000l\000e\000\050\000\051\000\040\000[\0001\000/\0009\000]}{subsection.14.63.2}% 272
\BOOKMARK [3][-]{subsubsection.14.63.2.2}{\376\377\0001\0004\000.\0006\0003\000.\0002\000.\0002\000\040\000V\000a\000r\000i\000a\000b\000l\000e\000\050\000\051\000\040\000[\0002\000/\0009\000]}{subsection.14.63.2}% 273
\BOOKMARK [3][-]{subsubsection.14.63.2.3}{\376\377\0001\0004\000.\0006\0003\000.\0002\000.\0003\000\040\000V\000a\000r\000i\000a\000b\000l\000e\000\050\000\051\000\040\000[\0003\000/\0009\000]}{subsection.14.63.2}% 274
\BOOKMARK [3][-]{subsubsection.14.63.2.4}{\376\377\0001\0004\000.\0006\0003\000.\0002\000.\0004\000\040\000V\000a\000r\000i\000a\000b\000l\000e\000\050\000\051\000\040\000[\0004\000/\0009\000]}{subsection.14.63.2}% 275
\BOOKMARK [3][-]{subsubsection.14.63.2.5}{\376\377\0001\0004\000.\0006\0003\000.\0002\000.\0005\000\040\000V\000a\000r\000i\000a\000b\000l\000e\000\050\000\051\000\040\000[\0005\000/\0009\000]}{subsection.14.63.2}% 276
\BOOKMARK [3][-]{subsubsection.14.63.2.6}{\376\377\0001\0004\000.\0006\0003\000.\0002\000.\0006\000\040\000V\000a\000r\000i\000a\000b\000l\000e\000\050\000\051\000\040\000[\0006\000/\0009\000]}{subsection.14.63.2}% 277
\BOOKMARK [3][-]{subsubsection.14.63.2.7}{\376\377\0001\0004\000.\0006\0003\000.\0002\000.\0007\000\040\000V\000a\000r\000i\000a\000b\000l\000e\000\050\000\051\000\040\000[\0007\000/\0009\000]}{subsection.14.63.2}% 278
\BOOKMARK [3][-]{subsubsection.14.63.2.8}{\376\377\0001\0004\000.\0006\0003\000.\0002\000.\0008\000\040\000V\000a\000r\000i\000a\000b\000l\000e\000\050\000\051\000\040\000[\0008\000/\0009\000]}{subsection.14.63.2}% 279
\BOOKMARK [3][-]{subsubsection.14.63.2.9}{\376\377\0001\0004\000.\0006\0003\000.\0002\000.\0009\000\040\000V\000a\000r\000i\000a\000b\000l\000e\000\050\000\051\000\040\000[\0009\000/\0009\000]}{subsection.14.63.2}% 280
\BOOKMARK [2][-]{subsection.14.63.3}{\376\377\0001\0004\000.\0006\0003\000.\0003\000\040\000M\000e\000m\000b\000e\000r\000\040\000F\000u\000n\000c\000t\000i\000o\000n\000\040\000D\000o\000c\000u\000m\000e\000n\000t\000a\000t\000i\000o\000n}{section.14.63}% 281
\BOOKMARK [3][-]{subsubsection.14.63.3.1}{\376\377\0001\0004\000.\0006\0003\000.\0003\000.\0001\000\040\000g\000e\000t\000\137\000a\000n\000a\000l\000y\000t\000i\000c\000a\000l\000\137\000s\000o\000l\000u\000t\000i\000o\000n\000\050\000\051}{subsection.14.63.3}% 282
\BOOKMARK [3][-]{subsubsection.14.63.3.2}{\376\377\0001\0004\000.\0006\0003\000.\0003\000.\0002\000\040\000g\000e\000t\000\137\000b\000o\000u\000n\000d\000a\000r\000y\000\137\000c\000o\000n\000d\000i\000t\000i\000o\000n\000s\000\050\000\051}{subsection.14.63.3}% 283
\BOOKMARK [3][-]{subsubsection.14.63.3.3}{\376\377\0001\0004\000.\0006\0003\000.\0003\000.\0003\000\040\000g\000e\000t\000\137\000g\000f\000\050\000\051}{subsection.14.63.3}% 284
\BOOKMARK [3][-]{subsubsection.14.63.3.4}{\376\377\0001\0004\000.\0006\0003\000.\0003\000.\0004\000\040\000g\000e\000t\000\137\000u\000n\000k\000n\000o\000w\000n\000\050\000\051}{subsection.14.63.3}% 285
\BOOKMARK [3][-]{subsubsection.14.63.3.5}{\376\377\0001\0004\000.\0006\0003\000.\0003\000.\0005\000\040\000g\000e\000t\000V\000a\000r\000i\000a\000b\000l\000e\000N\000a\000m\000e\000\050\000\051}{subsection.14.63.3}% 286
\BOOKMARK [3][-]{subsubsection.14.63.3.6}{\376\377\0001\0004\000.\0006\0003\000.\0003\000.\0006\000\040\000g\000e\000t\000V\000a\000r\000i\000a\000b\000l\000e\000T\000y\000p\000e\000\050\000\051}{subsection.14.63.3}% 287
\BOOKMARK [1][-]{section.14.64}{\376\377\0001\0004\000.\0006\0004\000\040\000V\000a\000r\000i\000a\000b\000l\000e\000s\000<\000\040\000T\000,\000\040\000D\000I\000M\000\040\000>\000\040\000C\000l\000a\000s\000s\000\040\000T\000e\000m\000p\000l\000a\000t\000e\000\040\000R\000e\000f\000e\000r\000e\000n\000c\000e}{chapter.14}% 288
\BOOKMARK [2][-]{subsection.14.64.1}{\376\377\0001\0004\000.\0006\0004\000.\0001\000\040\000D\000e\000t\000a\000i\000l\000e\000d\000\040\000D\000e\000s\000c\000r\000i\000p\000t\000i\000o\000n}{section.14.64}% 289
\BOOKMARK [2][-]{subsection.14.64.2}{\376\377\0001\0004\000.\0006\0004\000.\0002\000\040\000C\000o\000n\000s\000t\000r\000u\000c\000t\000o\000r\000\040\000\046\000\040\000D\000e\000s\000t\000r\000u\000c\000t\000o\000r\000\040\000D\000o\000c\000u\000m\000e\000n\000t\000a\000t\000i\000o\000n}{section.14.64}% 290
\BOOKMARK [3][-]{subsubsection.14.64.2.1}{\376\377\0001\0004\000.\0006\0004\000.\0002\000.\0001\000\040\000V\000a\000r\000i\000a\000b\000l\000e\000s\000\050\000\051}{subsection.14.64.2}% 291
\BOOKMARK [2][-]{subsection.14.64.3}{\376\377\0001\0004\000.\0006\0004\000.\0003\000\040\000M\000e\000m\000b\000e\000r\000\040\000F\000u\000n\000c\000t\000i\000o\000n\000\040\000D\000o\000c\000u\000m\000e\000n\000t\000a\000t\000i\000o\000n}{section.14.64}% 292
\BOOKMARK [3][-]{subsubsection.14.64.3.1}{\376\377\0001\0004\000.\0006\0004\000.\0003\000.\0001\000\040\000a\000d\000d\000\050\000\051}{subsection.14.64.3}% 293
\BOOKMARK [3][-]{subsubsection.14.64.3.2}{\376\377\0001\0004\000.\0006\0004\000.\0003\000.\0002\000\040\000g\000e\000t\000\137\000m\000a\000p\000\137\000g\000r\000i\000d\000f\000u\000n\000c\000t\000i\000o\000n\000\050\000\051}{subsection.14.64.3}% 294
\BOOKMARK [3][-]{subsubsection.14.64.3.3}{\376\377\0001\0004\000.\0006\0004\000.\0003\000.\0003\000\040\000g\000e\000t\000\137\000m\000a\000p\000\137\000v\000a\000r\000i\000a\000b\000l\000e\000\050\000\051}{subsection.14.64.3}% 295
\BOOKMARK [3][-]{subsubsection.14.64.3.4}{\376\377\0001\0004\000.\0006\0004\000.\0003\000.\0004\000\040\000g\000e\000t\000\137\000v\000a\000r\000i\000a\000b\000l\000e\000\050\000\051}{subsection.14.64.3}% 296
\BOOKMARK [3][-]{subsubsection.14.64.3.5}{\376\377\0001\0004\000.\0006\0004\000.\0003\000.\0005\000\040\000g\000e\000t\000I\000V\000a\000r\000i\000a\000b\000l\000e\000\050\000\051}{subsection.14.64.3}% 297
\BOOKMARK [3][-]{subsubsection.14.64.3.6}{\376\377\0001\0004\000.\0006\0004\000.\0003\000.\0006\000\040\000g\000e\000t\000V\000a\000r\000i\000a\000b\000l\000e\000s\000\050\000\051}{subsection.14.64.3}% 298
\BOOKMARK [1][-]{section.14.65}{\376\377\0001\0004\000.\0006\0005\000\040\000V\000a\000r\000i\000a\000b\000l\000e\000T\000y\000p\000e\000\040\000S\000t\000r\000u\000c\000t\000\040\000R\000e\000f\000e\000r\000e\000n\000c\000e}{chapter.14}% 299
\BOOKMARK [2][-]{subsection.14.65.1}{\376\377\0001\0004\000.\0006\0005\000.\0001\000\040\000D\000e\000t\000a\000i\000l\000e\000d\000\040\000D\000e\000s\000c\000r\000i\000p\000t\000i\000o\000n}{section.14.65}% 300
\BOOKMARK [0][-]{section*.203}{\376\377\000I\000n\000d\000e\000x}{}% 301
